{"meta": {"format": 3, "version": "7.13.5", "timestamp": "2026-05-06T11:27:21.929313", "branch_coverage": false, "show_contexts": false}, "files": {"src\\__init__.py": {"executed_lines": [], "summary": {"covered_lines": 0, "num_statements": 0, "percent_covered": 100.0, "percent_covered_display": "100", "missing_lines": 0, "excluded_lines": 0, "percent_statements_covered": 100.0, "percent_statements_covered_display": "100"}, "missing_lines": [], "excluded_lines": [], "functions": {"": {"executed_lines": [], "summary": {"covered_lines": 0, "num_statements": 0, "percent_covered": 100.0, "percent_covered_display": "100", "missing_lines": 0, "excluded_lines": 0, "percent_statements_covered": 100.0, "percent_statements_covered_display": "100"}, "missing_lines": [], "excluded_lines": [], "start_line": 1}}, "classes": {"": {"executed_lines": [], "summary": {"covered_lines": 0, "num_statements": 0, "percent_covered": 100.0, "percent_covered_display": "100", "missing_lines": 0, "excluded_lines": 0, "percent_statements_covered": 100.0, "percent_statements_covered_display": "100"}, "missing_lines": [], "excluded_lines": [], "start_line": 1}}}, "src\\api\\controllers\\__init__.py": {"executed_lines": [1, 2, 3, 4, 5, 6, 7, 8, 10], "summary": {"covered_lines": 9, "num_statements": 9, "percent_covered": 100.0, "percent_covered_display": "100", "missing_lines": 0, "excluded_lines": 0, "percent_statements_covered": 100.0, "percent_statements_covered_display": "100"}, "missing_lines": [], "excluded_lines": [], "functions": {"": {"executed_lines": [1, 2, 3, 4, 5, 6, 7, 8, 10], "summary": {"covered_lines": 9, "num_statements": 9, "percent_covered": 100.0, "percent_covered_display": "100", "missing_lines": 0, "excluded_lines": 0, "percent_statements_covered": 100.0, "percent_statements_covered_display": "100"}, "missing_lines": [], "excluded_lines": [], "start_line": 1}}, "classes": {"": {"executed_lines": [1, 2, 3, 4, 5, 6, 7, 8, 10], "summary": {"covered_lines": 9, "num_statements": 9, "percent_covered": 100.0, "percent_covered_display": "100", "missing_lines": 0, "excluded_lines": 0, "percent_statements_covered": 100.0, "percent_statements_covered_display": "100"}, "missing_lines": [], "excluded_lines": [], "start_line": 1}}}, "src\\api\\controllers\\abac_controller.py": {"executed_lines": [1, 2, 3, 4, 5, 6, 7, 8, 10, 11, 14, 29, 30, 31, 45, 46, 47, 63, 64, 65, 100, 101, 102, 119, 120, 121, 135, 136, 137, 153, 154, 155, 195, 199, 200, 221, 222, 223, 233, 234, 235, 277, 278, 279, 287, 288, 289, 328, 329, 330, 347, 348, 349], "summary": {"covered_lines": 53, "num_statements": 256, "percent_covered": 20.703125, "percent_covered_display": "21", "missing_lines": 203, "excluded_lines": 0, "percent_statements_covered": 20.703125, "percent_statements_covered_display": "21"}, "missing_lines": [16, 17, 18, 19, 20, 21, 22, 23, 24, 25, 26, 33, 34, 37, 40, 41, 42, 49, 50, 51, 52, 53, 54, 58, 59, 60, 67, 68, 69, 71, 72, 73, 74, 76, 77, 78, 79, 80, 82, 83, 84, 85, 86, 88, 89, 90, 91, 93, 94, 95, 96, 97, 104, 105, 106, 107, 109, 110, 111, 112, 113, 114, 115, 116, 123, 124, 129, 130, 131, 132, 139, 140, 143, 148, 149, 150, 157, 158, 159, 161, 162, 163, 164, 166, 168, 170, 173, 174, 175, 176, 178, 184, 185, 186, 188, 189, 190, 191, 192, 202, 203, 206, 207, 209, 210, 211, 214, 215, 216, 217, 218, 225, 226, 227, 228, 229, 230, 237, 238, 239, 241, 242, 243, 244, 246, 247, 249, 250, 251, 252, 253, 254, 256, 257, 267, 268, 269, 270, 271, 272, 273, 274, 281, 282, 283, 284, 291, 292, 293, 295, 296, 297, 299, 300, 301, 302, 303, 304, 305, 306, 307, 308, 309, 310, 311, 312, 313, 314, 315, 316, 317, 319, 320, 321, 322, 323, 324, 325, 332, 333, 334, 336, 337, 338, 339, 340, 341, 342, 343, 344, 351, 352, 353, 355, 356, 357, 359, 360, 361, 363, 364, 365, 366], "excluded_lines": [], "functions": {"validate_resource_exists": {"executed_lines": [], "summary": {"covered_lines": 0, "num_statements": 11, "percent_covered": 0.0, "percent_covered_display": "0", "missing_lines": 11, "excluded_lines": 0, "percent_statements_covered": 0.0, "percent_statements_covered_display": "0"}, "missing_lines": [16, 17, 18, 19, 20, 21, 22, 23, 24, 25, 26], "excluded_lines": [], "start_line": 14}, "get_user_attributes": {"executed_lines": [], "summary": {"covered_lines": 0, "num_statements": 6, "percent_covered": 0.0, "percent_covered_display": "0", "missing_lines": 6, "excluded_lines": 0, "percent_statements_covered": 0.0, "percent_statements_covered_display": "0"}, "missing_lines": [33, 34, 37, 40, 41, 42], "excluded_lines": [], "start_line": 31}, "get_user_attributes_by_id": {"executed_lines": [], "summary": {"covered_lines": 0, "num_statements": 9, "percent_covered": 0.0, "percent_covered_display": "0", "missing_lines": 9, "excluded_lines": 0, "percent_statements_covered": 0.0, "percent_statements_covered_display": "0"}, "missing_lines": [49, 50, 51, 52, 53, 54, 58, 59, 60], "excluded_lines": [], "start_line": 47}, "create_user_attribute": {"executed_lines": [], "summary": {"covered_lines": 0, "num_statements": 26, "percent_covered": 0.0, "percent_covered_display": "0", "missing_lines": 26, "excluded_lines": 0, "percent_statements_covered": 0.0, "percent_statements_covered_display": "0"}, "missing_lines": [67, 68, 69, 71, 72, 73, 74, 76, 77, 78, 79, 80, 82, 83, 84, 85, 86, 88, 89, 90, 91, 93, 94, 95, 96, 97], "excluded_lines": [], "start_line": 65}, "delete_user_attribute": {"executed_lines": [], "summary": {"covered_lines": 0, "num_statements": 12, "percent_covered": 0.0, "percent_covered_display": "0", "missing_lines": 12, "excluded_lines": 0, "percent_statements_covered": 0.0, "percent_statements_covered_display": "0"}, "missing_lines": [104, 105, 106, 107, 109, 110, 111, 112, 113, 114, 115, 116], "excluded_lines": [], "start_line": 102}, "get_resource_attributes": {"executed_lines": [], "summary": {"covered_lines": 0, "num_statements": 6, "percent_covered": 0.0, "percent_covered_display": "0", "missing_lines": 6, "excluded_lines": 0, "percent_statements_covered": 0.0, "percent_statements_covered_display": "0"}, "missing_lines": [123, 124, 129, 130, 131, 132], "excluded_lines": [], "start_line": 121}, "get_resource_attributes_by_id": {"executed_lines": [], "summary": {"covered_lines": 0, "num_statements": 6, "percent_covered": 0.0, "percent_covered_display": "0", "missing_lines": 6, "excluded_lines": 0, "percent_statements_covered": 0.0, "percent_statements_covered_display": "0"}, "missing_lines": [139, 140, 143, 148, 149, 150], "excluded_lines": [], "start_line": 137}, "create_resource_attribute": {"executed_lines": [], "summary": {"covered_lines": 0, "num_statements": 23, "percent_covered": 0.0, "percent_covered_display": "0", "missing_lines": 23, "excluded_lines": 0, "percent_statements_covered": 0.0, "percent_statements_covered_display": "0"}, "missing_lines": [157, 158, 159, 161, 162, 163, 164, 166, 168, 170, 173, 174, 175, 176, 178, 184, 185, 186, 188, 189, 190, 191, 192], "excluded_lines": [], "start_line": 155}, "delete_resource_attribute": {"executed_lines": [], "summary": {"covered_lines": 0, "num_statements": 12, "percent_covered": 0.0, "percent_covered_display": "0", "missing_lines": 12, "excluded_lines": 0, "percent_statements_covered": 0.0, "percent_statements_covered_display": "0"}, "missing_lines": [202, 203, 206, 207, 209, 210, 211, 214, 215, 216, 217, 218], "excluded_lines": [], "start_line": 200}, "list_policies": {"executed_lines": [], "summary": {"covered_lines": 0, "num_statements": 6, "percent_covered": 0.0, "percent_covered_display": "0", "missing_lines": 6, "excluded_lines": 0, "percent_statements_covered": 0.0, "percent_statements_covered_display": "0"}, "missing_lines": [225, 226, 227, 228, 229, 230], "excluded_lines": [], "start_line": 223}, "create_policy": {"executed_lines": [], "summary": {"covered_lines": 0, "num_statements": 25, "percent_covered": 0.0, "percent_covered_display": "0", "missing_lines": 25, "excluded_lines": 0, "percent_statements_covered": 0.0, "percent_statements_covered_display": "0"}, "missing_lines": [237, 238, 239, 241, 242, 243, 244, 246, 247, 249, 250, 251, 252, 253, 254, 256, 257, 267, 268, 269, 270, 271, 272, 273, 274], "excluded_lines": [], "start_line": 235}, "get_policy": {"executed_lines": [], "summary": {"covered_lines": 0, "num_statements": 4, "percent_covered": 0.0, "percent_covered_display": "0", "missing_lines": 4, "excluded_lines": 0, "percent_statements_covered": 0.0, "percent_statements_covered_display": "0"}, "missing_lines": [281, 282, 283, 284], "excluded_lines": [], "start_line": 279}, "update_policy": {"executed_lines": [], "summary": {"covered_lines": 0, "num_statements": 32, "percent_covered": 0.0, "percent_covered_display": "0", "missing_lines": 32, "excluded_lines": 0, "percent_statements_covered": 0.0, "percent_statements_covered_display": "0"}, "missing_lines": [291, 292, 293, 295, 296, 297, 299, 300, 301, 302, 303, 304, 305, 306, 307, 308, 309, 310, 311, 312, 313, 314, 315, 316, 317, 319, 320, 321, 322, 323, 324, 325], "excluded_lines": [], "start_line": 289}, "delete_policy": {"executed_lines": [], "summary": {"covered_lines": 0, "num_statements": 12, "percent_covered": 0.0, "percent_covered_display": "0", "missing_lines": 12, "excluded_lines": 0, "percent_statements_covered": 0.0, "percent_statements_covered_display": "0"}, "missing_lines": [332, 333, 334, 336, 337, 338, 339, 340, 341, 342, 343, 344], "excluded_lines": [], "start_line": 330}, "toggle_policy": {"executed_lines": [], "summary": {"covered_lines": 0, "num_statements": 13, "percent_covered": 0.0, "percent_covered_display": "0", "missing_lines": 13, "excluded_lines": 0, "percent_statements_covered": 0.0, "percent_statements_covered_display": "0"}, "missing_lines": [351, 352, 353, 355, 356, 357, 359, 360, 361, 363, 364, 365, 366], "excluded_lines": [], "start_line": 349}, "": {"executed_lines": [1, 2, 3, 4, 5, 6, 7, 8, 10, 11, 14, 29, 30, 31, 45, 46, 47, 63, 64, 65, 100, 101, 102, 119, 120, 121, 135, 136, 137, 153, 154, 155, 195, 199, 200, 221, 222, 223, 233, 234, 235, 277, 278, 279, 287, 288, 289, 328, 329, 330, 347, 348, 349], "summary": {"covered_lines": 53, "num_statements": 53, "percent_covered": 100.0, "percent_covered_display": "100", "missing_lines": 0, "excluded_lines": 0, "percent_statements_covered": 100.0, "percent_statements_covered_display": "100"}, "missing_lines": [], "excluded_lines": [], "start_line": 1}}, "classes": {"": {"executed_lines": [1, 2, 3, 4, 5, 6, 7, 8, 10, 11, 14, 29, 30, 31, 45, 46, 47, 63, 64, 65, 100, 101, 102, 119, 120, 121, 135, 136, 137, 153, 154, 155, 195, 199, 200, 221, 222, 223, 233, 234, 235, 277, 278, 279, 287, 288, 289, 328, 329, 330, 347, 348, 349], "summary": {"covered_lines": 53, "num_statements": 256, "percent_covered": 20.703125, "percent_covered_display": "21", "missing_lines": 203, "excluded_lines": 0, "percent_statements_covered": 20.703125, "percent_statements_covered_display": "21"}, "missing_lines": [16, 17, 18, 19, 20, 21, 22, 23, 24, 25, 26, 33, 34, 37, 40, 41, 42, 49, 50, 51, 52, 53, 54, 58, 59, 60, 67, 68, 69, 71, 72, 73, 74, 76, 77, 78, 79, 80, 82, 83, 84, 85, 86, 88, 89, 90, 91, 93, 94, 95, 96, 97, 104, 105, 106, 107, 109, 110, 111, 112, 113, 114, 115, 116, 123, 124, 129, 130, 131, 132, 139, 140, 143, 148, 149, 150, 157, 158, 159, 161, 162, 163, 164, 166, 168, 170, 173, 174, 175, 176, 178, 184, 185, 186, 188, 189, 190, 191, 192, 202, 203, 206, 207, 209, 210, 211, 214, 215, 216, 217, 218, 225, 226, 227, 228, 229, 230, 237, 238, 239, 241, 242, 243, 244, 246, 247, 249, 250, 251, 252, 253, 254, 256, 257, 267, 268, 269, 270, 271, 272, 273, 274, 281, 282, 283, 284, 291, 292, 293, 295, 296, 297, 299, 300, 301, 302, 303, 304, 305, 306, 307, 308, 309, 310, 311, 312, 313, 314, 315, 316, 317, 319, 320, 321, 322, 323, 324, 325, 332, 333, 334, 336, 337, 338, 339, 340, 341, 342, 343, 344, 351, 352, 353, 355, 356, 357, 359, 360, 361, 363, 364, 365, 366], "excluded_lines": [], "start_line": 1}}}, "src\\api\\controllers\\auth_controller.py": {"executed_lines": [1, 2, 3, 4, 5, 6, 7, 8, 9, 10, 11, 12, 13, 14, 16, 17, 20, 21, 22, 25, 34, 35, 36, 37, 38, 41, 42, 45, 48, 49, 51, 52, 55, 56, 57, 58, 59, 61, 62, 64, 80, 81, 82, 84, 86, 94, 95, 96, 97, 98, 103, 105, 106, 107, 108, 118, 119, 120, 130, 131, 132, 137, 138, 139, 140, 141, 143, 146, 147, 148, 149, 151, 152, 155, 158, 159, 160, 170, 171, 172, 173, 174, 175, 176], "summary": {"covered_lines": 84, "num_statements": 117, "percent_covered": 71.7948717948718, "percent_covered_display": "72", "missing_lines": 33, "excluded_lines": 0, "percent_statements_covered": 71.7948717948718, "percent_statements_covered_display": "72"}, "missing_lines": [26, 39, 43, 65, 66, 67, 68, 69, 70, 78, 87, 88, 89, 91, 92, 99, 100, 121, 122, 123, 125, 126, 127, 133, 134, 142, 153, 156, 162, 163, 164, 166, 167], "excluded_lines": [], "functions": {"_validate": {"executed_lines": [21, 22], "summary": {"covered_lines": 2, "num_statements": 2, "percent_covered": 100.0, "percent_covered_display": "100", "missing_lines": 0, "excluded_lines": 0, "percent_statements_covered": 100.0, "percent_statements_covered_display": "100"}, "missing_lines": [], "excluded_lines": [], "start_line": 20}, "_err_or_none": {"executed_lines": [], "summary": {"covered_lines": 0, "num_statements": 1, "percent_covered": 0.0, "percent_covered_display": "0", "missing_lines": 1, "excluded_lines": 0, "percent_statements_covered": 0.0, "percent_statements_covered_display": "0"}, "missing_lines": [26], "excluded_lines": [], "start_line": 25}, "register": {"executed_lines": [37, 38, 41, 42, 45, 48, 49, 51, 52], "summary": {"covered_lines": 9, "num_statements": 11, "percent_covered": 81.81818181818181, "percent_covered_display": "82", "missing_lines": 2, "excluded_lines": 0, "percent_statements_covered": 81.81818181818181, "percent_statements_covered_display": "82"}, "missing_lines": [39, 43], "excluded_lines": [], "start_line": 36}, "login": {"executed_lines": [57, 58, 59, 61, 62, 64, 80, 81, 82, 84, 86, 94, 95, 96, 97, 98, 103, 105, 106, 107, 108], "summary": {"covered_lines": 21, "num_statements": 35, "percent_covered": 60.0, "percent_covered_display": "60", "missing_lines": 14, "excluded_lines": 0, "percent_statements_covered": 60.0, "percent_statements_covered_display": "60"}, "missing_lines": [65, 66, 67, 68, 69, 70, 78, 87, 88, 89, 91, 92, 99, 100], "excluded_lines": [], "start_line": 56}, "unlock_account": {"executed_lines": [], "summary": {"covered_lines": 0, "num_statements": 6, "percent_covered": 0.0, "percent_covered_display": "0", "missing_lines": 6, "excluded_lines": 0, "percent_statements_covered": 0.0, "percent_statements_covered_display": "0"}, "missing_lines": [121, 122, 123, 125, 126, 127], "excluded_lines": [], "start_line": 120}, "refresh": {"executed_lines": [], "summary": {"covered_lines": 0, "num_statements": 2, "percent_covered": 0.0, "percent_covered_display": "0", "missing_lines": 2, "excluded_lines": 0, "percent_statements_covered": 0.0, "percent_statements_covered_display": "0"}, "missing_lines": [133, 134], "excluded_lines": [], "start_line": 132}, "get_me": {"executed_lines": [140, 141, 143], "summary": {"covered_lines": 3, "num_statements": 4, "percent_covered": 75.0, "percent_covered_display": "75", "missing_lines": 1, "excluded_lines": 0, "percent_statements_covered": 75.0, "percent_statements_covered_display": "75"}, "missing_lines": [142], "excluded_lines": [], "start_line": 139}, "update_own_username": {"executed_lines": [149, 151, 152, 155, 158, 159, 160], "summary": {"covered_lines": 7, "num_statements": 14, "percent_covered": 50.0, "percent_covered_display": "50", "missing_lines": 7, "excluded_lines": 0, "percent_statements_covered": 50.0, "percent_statements_covered_display": "50"}, "missing_lines": [153, 156, 162, 163, 164, 166, 167], "excluded_lines": [], "start_line": 148}, "logout": {"executed_lines": [173, 174, 175, 176], "summary": {"covered_lines": 4, "num_statements": 4, "percent_covered": 100.0, "percent_covered_display": "100", "missing_lines": 0, "excluded_lines": 0, "percent_statements_covered": 100.0, "percent_statements_covered_display": "100"}, "missing_lines": [], "excluded_lines": [], "start_line": 172}, "": {"executed_lines": [1, 2, 3, 4, 5, 6, 7, 8, 9, 10, 11, 12, 13, 14, 16, 17, 20, 25, 34, 35, 36, 55, 56, 118, 119, 120, 130, 131, 132, 137, 138, 139, 146, 147, 148, 170, 171, 172], "summary": {"covered_lines": 38, "num_statements": 38, "percent_covered": 100.0, "percent_covered_display": "100", "missing_lines": 0, "excluded_lines": 0, "percent_statements_covered": 100.0, "percent_statements_covered_display": "100"}, "missing_lines": [], "excluded_lines": [], "start_line": 1}}, "classes": {"": {"executed_lines": [1, 2, 3, 4, 5, 6, 7, 8, 9, 10, 11, 12, 13, 14, 16, 17, 20, 21, 22, 25, 34, 35, 36, 37, 38, 41, 42, 45, 48, 49, 51, 52, 55, 56, 57, 58, 59, 61, 62, 64, 80, 81, 82, 84, 86, 94, 95, 96, 97, 98, 103, 105, 106, 107, 108, 118, 119, 120, 130, 131, 132, 137, 138, 139, 140, 141, 143, 146, 147, 148, 149, 151, 152, 155, 158, 159, 160, 170, 171, 172, 173, 174, 175, 176], "summary": {"covered_lines": 84, "num_statements": 117, "percent_covered": 71.7948717948718, "percent_covered_display": "72", "missing_lines": 33, "excluded_lines": 0, "percent_statements_covered": 71.7948717948718, "percent_statements_covered_display": "72"}, "missing_lines": [26, 39, 43, 65, 66, 67, 68, 69, 70, 78, 87, 88, 89, 91, 92, 99, 100, 121, 122, 123, 125, 126, 127, 133, 134, 142, 153, 156, 162, 163, 164, 166, 167], "excluded_lines": [], "start_line": 1}}}, "src\\api\\controllers\\backup_controller.py": {"executed_lines": [1, 2, 3, 4, 5, 6, 7, 8, 10, 11, 14, 18, 19, 20, 28, 29, 30, 35, 36, 37, 48, 49, 50, 61, 62, 63, 73, 74, 75], "summary": {"covered_lines": 29, "num_statements": 62, "percent_covered": 46.774193548387096, "percent_covered_display": "47", "missing_lines": 33, "excluded_lines": 0, "percent_statements_covered": 46.774193548387096, "percent_statements_covered_display": "47"}, "missing_lines": [15, 21, 22, 23, 24, 25, 31, 32, 38, 39, 40, 41, 42, 43, 44, 45, 51, 52, 53, 54, 55, 56, 57, 58, 64, 65, 66, 67, 68, 69, 70, 77, 78], "excluded_lines": [], "functions": {"_uid": {"executed_lines": [], "summary": {"covered_lines": 0, "num_statements": 1, "percent_covered": 0.0, "percent_covered_display": "0", "missing_lines": 1, "excluded_lines": 0, "percent_statements_covered": 0.0, "percent_statements_covered_display": "0"}, "missing_lines": [15], "excluded_lines": [], "start_line": 14}, "create_backup": {"executed_lines": [], "summary": {"covered_lines": 0, "num_statements": 5, "percent_covered": 0.0, "percent_covered_display": "0", "missing_lines": 5, "excluded_lines": 0, "percent_statements_covered": 0.0, "percent_statements_covered_display": "0"}, "missing_lines": [21, 22, 23, 24, 25], "excluded_lines": [], "start_line": 20}, "list_backups": {"executed_lines": [], "summary": {"covered_lines": 0, "num_statements": 2, "percent_covered": 0.0, "percent_covered_display": "0", "missing_lines": 2, "excluded_lines": 0, "percent_statements_covered": 0.0, "percent_statements_covered_display": "0"}, "missing_lines": [31, 32], "excluded_lines": [], "start_line": 30}, "restore_backup": {"executed_lines": [], "summary": {"covered_lines": 0, "num_statements": 8, "percent_covered": 0.0, "percent_covered_display": "0", "missing_lines": 8, "excluded_lines": 0, "percent_statements_covered": 0.0, "percent_statements_covered_display": "0"}, "missing_lines": [38, 39, 40, 41, 42, 43, 44, 45], "excluded_lines": [], "start_line": 37}, "delete_backup": {"executed_lines": [], "summary": {"covered_lines": 0, "num_statements": 8, "percent_covered": 0.0, "percent_covered_display": "0", "missing_lines": 8, "excluded_lines": 0, "percent_statements_covered": 0.0, "percent_statements_covered_display": "0"}, "missing_lines": [51, 52, 53, 54, 55, 56, 57, 58], "excluded_lines": [], "start_line": 50}, "download_backup": {"executed_lines": [], "summary": {"covered_lines": 0, "num_statements": 7, "percent_covered": 0.0, "percent_covered_display": "0", "missing_lines": 7, "excluded_lines": 0, "percent_statements_covered": 0.0, "percent_statements_covered_display": "0"}, "missing_lines": [64, 65, 66, 67, 68, 69, 70], "excluded_lines": [], "start_line": 63}, "backup_logs": {"executed_lines": [], "summary": {"covered_lines": 0, "num_statements": 2, "percent_covered": 0.0, "percent_covered_display": "0", "missing_lines": 2, "excluded_lines": 0, "percent_statements_covered": 0.0, "percent_statements_covered_display": "0"}, "missing_lines": [77, 78], "excluded_lines": [], "start_line": 75}, "": {"executed_lines": [1, 2, 3, 4, 5, 6, 7, 8, 10, 11, 14, 18, 19, 20, 28, 29, 30, 35, 36, 37, 48, 49, 50, 61, 62, 63, 73, 74, 75], "summary": {"covered_lines": 29, "num_statements": 29, "percent_covered": 100.0, "percent_covered_display": "100", "missing_lines": 0, "excluded_lines": 0, "percent_statements_covered": 100.0, "percent_statements_covered_display": "100"}, "missing_lines": [], "excluded_lines": [], "start_line": 1}}, "classes": {"": {"executed_lines": [1, 2, 3, 4, 5, 6, 7, 8, 10, 11, 14, 18, 19, 20, 28, 29, 30, 35, 36, 37, 48, 49, 50, 61, 62, 63, 73, 74, 75], "summary": {"covered_lines": 29, "num_statements": 62, "percent_covered": 46.774193548387096, "percent_covered_display": "47", "missing_lines": 33, "excluded_lines": 0, "percent_statements_covered": 46.774193548387096, "percent_statements_covered_display": "47"}, "missing_lines": [15, 21, 22, 23, 24, 25, 31, 32, 38, 39, 40, 41, 42, 43, 44, 45, 51, 52, 53, 54, 55, 56, 57, 58, 64, 65, 66, 67, 68, 69, 70, 77, 78], "excluded_lines": [], "start_line": 1}}}, "src\\api\\controllers\\lifecycle_controller.py": {"executed_lines": [22, 23, 24, 25, 26, 28, 31, 38, 39, 40, 57, 58, 59, 76, 77, 78, 86, 87, 88, 96, 97, 98, 106, 109, 110, 129, 130, 131, 179, 180, 181, 215, 216, 217, 225, 226, 227, 240, 241, 242], "summary": {"covered_lines": 40, "num_statements": 123, "percent_covered": 32.520325203252035, "percent_covered_display": "33", "missing_lines": 83, "excluded_lines": 0, "percent_statements_covered": 32.520325203252035, "percent_statements_covered_display": "33"}, "missing_lines": [32, 42, 43, 44, 45, 46, 54, 61, 62, 63, 65, 73, 80, 81, 82, 83, 90, 91, 92, 93, 100, 101, 102, 103, 112, 115, 116, 117, 133, 134, 135, 137, 138, 139, 140, 141, 143, 144, 146, 154, 155, 158, 159, 160, 161, 162, 163, 164, 165, 167, 169, 170, 183, 184, 185, 187, 188, 189, 190, 191, 193, 194, 195, 196, 198, 206, 207, 209, 219, 220, 221, 222, 229, 230, 231, 232, 244, 246, 247, 249, 250, 251, 253], "excluded_lines": [], "functions": {"_uid": {"executed_lines": [], "summary": {"covered_lines": 0, "num_statements": 1, "percent_covered": 0.0, "percent_covered_display": "0", "missing_lines": 1, "excluded_lines": 0, "percent_statements_covered": 0.0, "percent_statements_covered_display": "0"}, "missing_lines": [32], "excluded_lines": [], "start_line": 31}, "list_registered_types": {"executed_lines": [], "summary": {"covered_lines": 0, "num_statements": 6, "percent_covered": 0.0, "percent_covered_display": "0", "missing_lines": 6, "excluded_lines": 0, "percent_statements_covered": 0.0, "percent_statements_covered_display": "0"}, "missing_lines": [42, 43, 44, 45, 46, 54], "excluded_lines": [], "start_line": 40}, "get_type_config": {"executed_lines": [], "summary": {"covered_lines": 0, "num_statements": 5, "percent_covered": 0.0, "percent_covered_display": "0", "missing_lines": 5, "excluded_lines": 0, "percent_statements_covered": 0.0, "percent_statements_covered_display": "0"}, "missing_lines": [61, 62, 63, 65, 73], "excluded_lines": [], "start_line": 59}, "get_type_overview": {"executed_lines": [], "summary": {"covered_lines": 0, "num_statements": 4, "percent_covered": 0.0, "percent_covered_display": "0", "missing_lines": 4, "excluded_lines": 0, "percent_statements_covered": 0.0, "percent_statements_covered_display": "0"}, "missing_lines": [80, 81, 82, 83], "excluded_lines": [], "start_line": 78}, "get_type_display": {"executed_lines": [], "summary": {"covered_lines": 0, "num_statements": 4, "percent_covered": 0.0, "percent_covered_display": "0", "missing_lines": 4, "excluded_lines": 0, "percent_statements_covered": 0.0, "percent_statements_covered_display": "0"}, "missing_lines": [90, 91, 92, 93], "excluded_lines": [], "start_line": 88}, "get_type_states": {"executed_lines": [], "summary": {"covered_lines": 0, "num_statements": 4, "percent_covered": 0.0, "percent_covered_display": "0", "missing_lines": 4, "excluded_lines": 0, "percent_statements_covered": 0.0, "percent_statements_covered_display": "0"}, "missing_lines": [100, 101, 102, 103], "excluded_lines": [], "start_line": 98}, "get_valid_transitions": {"executed_lines": [], "summary": {"covered_lines": 0, "num_statements": 4, "percent_covered": 0.0, "percent_covered_display": "0", "missing_lines": 4, "excluded_lines": 0, "percent_statements_covered": 0.0, "percent_statements_covered_display": "0"}, "missing_lines": [112, 115, 116, 117], "excluded_lines": [], "start_line": 110}, "transition_entity": {"executed_lines": [], "summary": {"covered_lines": 0, "num_statements": 24, "percent_covered": 0.0, "percent_covered_display": "0", "missing_lines": 24, "excluded_lines": 0, "percent_statements_covered": 0.0, "percent_statements_covered_display": "0"}, "missing_lines": [133, 134, 135, 137, 138, 139, 140, 141, 143, 144, 146, 154, 155, 158, 159, 160, 161, 162, 163, 164, 165, 167, 169, 170], "excluded_lines": [], "start_line": 131}, "batch_transition": {"executed_lines": [], "summary": {"covered_lines": 0, "num_statements": 16, "percent_covered": 0.0, "percent_covered_display": "0", "missing_lines": 16, "excluded_lines": 0, "percent_statements_covered": 0.0, "percent_statements_covered_display": "0"}, "missing_lines": [183, 184, 185, 187, 188, 189, 190, 191, 193, 194, 195, 196, 198, 206, 207, 209], "excluded_lines": [], "start_line": 181}, "get_entity_info": {"executed_lines": [], "summary": {"covered_lines": 0, "num_statements": 4, "percent_covered": 0.0, "percent_covered_display": "0", "missing_lines": 4, "excluded_lines": 0, "percent_statements_covered": 0.0, "percent_statements_covered_display": "0"}, "missing_lines": [219, 220, 221, 222], "excluded_lines": [], "start_line": 217}, "get_entity_history": {"executed_lines": [], "summary": {"covered_lines": 0, "num_statements": 4, "percent_covered": 0.0, "percent_covered_display": "0", "missing_lines": 4, "excluded_lines": 0, "percent_statements_covered": 0.0, "percent_statements_covered_display": "0"}, "missing_lines": [229, 230, 231, 232], "excluded_lines": [], "start_line": 227}, "get_recent_history": {"executed_lines": [], "summary": {"covered_lines": 0, "num_statements": 7, "percent_covered": 0.0, "percent_covered_display": "0", "missing_lines": 7, "excluded_lines": 0, "percent_statements_covered": 0.0, "percent_statements_covered_display": "0"}, "missing_lines": [244, 246, 247, 249, 250, 251, 253], "excluded_lines": [], "start_line": 242}, "": {"executed_lines": [22, 23, 24, 25, 26, 28, 31, 38, 39, 40, 57, 58, 59, 76, 77, 78, 86, 87, 88, 96, 97, 98, 106, 109, 110, 129, 130, 131, 179, 180, 181, 215, 216, 217, 225, 226, 227, 240, 241, 242], "summary": {"covered_lines": 40, "num_statements": 40, "percent_covered": 100.0, "percent_covered_display": "100", "missing_lines": 0, "excluded_lines": 0, "percent_statements_covered": 100.0, "percent_statements_covered_display": "100"}, "missing_lines": [], "excluded_lines": [], "start_line": 1}}, "classes": {"": {"executed_lines": [22, 23, 24, 25, 26, 28, 31, 38, 39, 40, 57, 58, 59, 76, 77, 78, 86, 87, 88, 96, 97, 98, 106, 109, 110, 129, 130, 131, 179, 180, 181, 215, 216, 217, 225, 226, 227, 240, 241, 242], "summary": {"covered_lines": 40, "num_statements": 123, "percent_covered": 32.520325203252035, "percent_covered_display": "33", "missing_lines": 83, "excluded_lines": 0, "percent_statements_covered": 32.520325203252035, "percent_statements_covered_display": "33"}, "missing_lines": [32, 42, 43, 44, 45, 46, 54, 61, 62, 63, 65, 73, 80, 81, 82, 83, 90, 91, 92, 93, 100, 101, 102, 103, 112, 115, 116, 117, 133, 134, 135, 137, 138, 139, 140, 141, 143, 144, 146, 154, 155, 158, 159, 160, 161, 162, 163, 164, 165, 167, 169, 170, 183, 184, 185, 187, 188, 189, 190, 191, 193, 194, 195, 196, 198, 206, 207, 209, 219, 220, 221, 222, 229, 230, 231, 232, 244, 246, 247, 249, 250, 251, 253], "excluded_lines": [], "start_line": 1}}}, "src\\api\\controllers\\page_controller.py": {"executed_lines": [1, 2, 7, 8, 9, 10, 11, 12, 13, 15, 17, 18, 26, 27, 32, 33, 51, 52, 59, 60, 72, 79, 80, 81, 103, 104, 105, 112, 113, 114, 141, 142, 143, 168, 169, 170, 177, 178, 179, 197, 198, 199, 204, 205, 206, 212, 213, 214, 222, 223, 224, 231, 232, 233, 240, 241, 242, 250, 251, 252, 261, 262, 263, 272, 273, 274, 310, 311, 312, 319, 320, 321, 331, 332, 333, 338, 339, 340, 347, 348, 349, 356, 357, 358, 365, 366, 367, 374, 375, 376, 383, 384, 385, 395, 396, 397, 417, 418, 419, 447, 448, 449, 474, 475, 476, 486, 487, 488, 495, 496, 497, 507, 508, 509, 516, 517, 518, 537, 538, 539, 561, 562, 563, 570, 571, 572, 593, 594, 595, 616, 617, 618, 625, 626, 627, 634, 635, 636, 643, 644, 645], "summary": {"covered_lines": 141, "num_statements": 380, "percent_covered": 37.10526315789474, "percent_covered_display": "37", "missing_lines": 239, "excluded_lines": 0, "percent_statements_covered": 37.10526315789474, "percent_statements_covered_display": "37"}, "missing_lines": [28, 29, 34, 35, 36, 37, 38, 40, 41, 43, 46, 47, 48, 53, 54, 55, 56, 61, 62, 63, 64, 73, 82, 91, 98, 99, 100, 106, 107, 108, 109, 115, 116, 117, 119, 120, 121, 123, 136, 137, 138, 144, 145, 146, 148, 163, 164, 165, 171, 172, 173, 174, 180, 181, 182, 184, 185, 186, 188, 189, 190, 191, 200, 201, 208, 209, 216, 217, 218, 219, 225, 226, 227, 228, 234, 235, 236, 237, 243, 244, 245, 246, 247, 253, 256, 257, 258, 264, 267, 268, 269, 275, 276, 277, 279, 280, 282, 283, 285, 286, 287, 288, 289, 290, 293, 294, 295, 298, 299, 300, 301, 303, 305, 306, 307, 313, 314, 315, 316, 322, 323, 324, 325, 334, 335, 341, 342, 343, 344, 350, 351, 352, 353, 359, 360, 361, 362, 368, 369, 370, 371, 377, 378, 379, 380, 386, 387, 388, 389, 398, 404, 412, 413, 414, 420, 421, 422, 424, 425, 426, 428, 442, 443, 444, 450, 451, 452, 454, 469, 470, 471, 477, 478, 479, 480, 489, 490, 491, 492, 498, 499, 500, 501, 510, 511, 512, 513, 519, 520, 521, 522, 525, 526, 527, 540, 541, 542, 545, 546, 547, 548, 564, 565, 566, 567, 573, 575, 576, 577, 579, 580, 587, 588, 589, 590, 596, 598, 599, 600, 602, 603, 610, 611, 612, 613, 619, 620, 621, 622, 628, 629, 630, 631, 637, 638, 639, 640, 647, 648], "excluded_lines": [], "functions": {"get_public_page": {"executed_lines": [], "summary": {"covered_lines": 0, "num_statements": 2, "percent_covered": 0.0, "percent_covered_display": "0", "missing_lines": 2, "excluded_lines": 0, "percent_statements_covered": 0.0, "percent_statements_covered_display": "0"}, "missing_lines": [28, 29], "excluded_lines": [], "start_line": 27}, "get_public_section": {"executed_lines": [], "summary": {"covered_lines": 0, "num_statements": 11, "percent_covered": 0.0, "percent_covered_display": "0", "missing_lines": 11, "excluded_lines": 0, "percent_statements_covered": 0.0, "percent_statements_covered_display": "0"}, "missing_lines": [34, 35, 36, 37, 38, 40, 41, 43, 46, 47, 48], "excluded_lines": [], "start_line": 33}, "get_public_layouts": {"executed_lines": [], "summary": {"covered_lines": 0, "num_statements": 4, "percent_covered": 0.0, "percent_covered_display": "0", "missing_lines": 4, "excluded_lines": 0, "percent_statements_covered": 0.0, "percent_statements_covered_display": "0"}, "missing_lines": [53, 54, 55, 56], "excluded_lines": [], "start_line": 52}, "get_public_templates": {"executed_lines": [], "summary": {"covered_lines": 0, "num_statements": 4, "percent_covered": 0.0, "percent_covered_display": "0", "missing_lines": 4, "excluded_lines": 0, "percent_statements_covered": 0.0, "percent_statements_covered_display": "0"}, "missing_lines": [61, 62, 63, 64], "excluded_lines": [], "start_line": 60}, "_uid": {"executed_lines": [], "summary": {"covered_lines": 0, "num_statements": 1, "percent_covered": 0.0, "percent_covered_display": "0", "missing_lines": 1, "excluded_lines": 0, "percent_statements_covered": 0.0, "percent_statements_covered_display": "0"}, "missing_lines": [73], "excluded_lines": [], "start_line": 72}, "list_sections": {"executed_lines": [], "summary": {"covered_lines": 0, "num_statements": 5, "percent_covered": 0.0, "percent_covered_display": "0", "missing_lines": 5, "excluded_lines": 0, "percent_statements_covered": 0.0, "percent_statements_covered_display": "0"}, "missing_lines": [82, 91, 98, 99, 100], "excluded_lines": [], "start_line": 81}, "get_section": {"executed_lines": [], "summary": {"covered_lines": 0, "num_statements": 4, "percent_covered": 0.0, "percent_covered_display": "0", "missing_lines": 4, "excluded_lines": 0, "percent_statements_covered": 0.0, "percent_statements_covered_display": "0"}, "missing_lines": [106, 107, 108, 109], "excluded_lines": [], "start_line": 105}, "create_section": {"executed_lines": [], "summary": {"covered_lines": 0, "num_statements": 10, "percent_covered": 0.0, "percent_covered_display": "0", "missing_lines": 10, "excluded_lines": 0, "percent_statements_covered": 0.0, "percent_statements_covered_display": "0"}, "missing_lines": [115, 116, 117, 119, 120, 121, 123, 136, 137, 138], "excluded_lines": [], "start_line": 114}, "update_section": {"executed_lines": [], "summary": {"covered_lines": 0, "num_statements": 7, "percent_covered": 0.0, "percent_covered_display": "0", "missing_lines": 7, "excluded_lines": 0, "percent_statements_covered": 0.0, "percent_statements_covered_display": "0"}, "missing_lines": [144, 145, 146, 148, 163, 164, 165], "excluded_lines": [], "start_line": 143}, "delete_section": {"executed_lines": [], "summary": {"covered_lines": 0, "num_statements": 4, "percent_covered": 0.0, "percent_covered_display": "0", "missing_lines": 4, "excluded_lines": 0, "percent_statements_covered": 0.0, "percent_statements_covered_display": "0"}, "missing_lines": [171, 172, 173, 174], "excluded_lines": [], "start_line": 170}, "reorder_sections": {"executed_lines": [], "summary": {"covered_lines": 0, "num_statements": 10, "percent_covered": 0.0, "percent_covered_display": "0", "missing_lines": 10, "excluded_lines": 0, "percent_statements_covered": 0.0, "percent_statements_covered_display": "0"}, "missing_lines": [180, 181, 182, 184, 185, 186, 188, 189, 190, 191], "excluded_lines": [], "start_line": 179}, "display_summary": {"executed_lines": [], "summary": {"covered_lines": 0, "num_statements": 2, "percent_covered": 0.0, "percent_covered_display": "0", "missing_lines": 2, "excluded_lines": 0, "percent_statements_covered": 0.0, "percent_statements_covered_display": "0"}, "missing_lines": [200, 201], "excluded_lines": [], "start_line": 199}, "sections_overview": {"executed_lines": [], "summary": {"covered_lines": 0, "num_statements": 2, "percent_covered": 0.0, "percent_covered_display": "0", "missing_lines": 2, "excluded_lines": 0, "percent_statements_covered": 0.0, "percent_statements_covered_display": "0"}, "missing_lines": [208, 209], "excluded_lines": [], "start_line": 206}, "sections_by_status": {"executed_lines": [], "summary": {"covered_lines": 0, "num_statements": 4, "percent_covered": 0.0, "percent_covered_display": "0", "missing_lines": 4, "excluded_lines": 0, "percent_statements_covered": 0.0, "percent_statements_covered_display": "0"}, "missing_lines": [216, 217, 218, 219], "excluded_lines": [], "start_line": 214}, "show_section": {"executed_lines": [], "summary": {"covered_lines": 0, "num_statements": 4, "percent_covered": 0.0, "percent_covered_display": "0", "missing_lines": 4, "excluded_lines": 0, "percent_statements_covered": 0.0, "percent_statements_covered_display": "0"}, "missing_lines": [225, 226, 227, 228], "excluded_lines": [], "start_line": 224}, "hide_section": {"executed_lines": [], "summary": {"covered_lines": 0, "num_statements": 4, "percent_covered": 0.0, "percent_covered_display": "0", "missing_lines": 4, "excluded_lines": 0, "percent_statements_covered": 0.0, "percent_statements_covered_display": "0"}, "missing_lines": [234, 235, 236, 237], "excluded_lines": [], "start_line": 233}, "toggle_section": {"executed_lines": [], "summary": {"covered_lines": 0, "num_statements": 5, "percent_covered": 0.0, "percent_covered_display": "0", "missing_lines": 5, "excluded_lines": 0, "percent_statements_covered": 0.0, "percent_statements_covered_display": "0"}, "missing_lines": [243, 244, 245, 246, 247], "excluded_lines": [], "start_line": 242}, "publish_section": {"executed_lines": [], "summary": {"covered_lines": 0, "num_statements": 4, "percent_covered": 0.0, "percent_covered_display": "0", "missing_lines": 4, "excluded_lines": 0, "percent_statements_covered": 0.0, "percent_statements_covered_display": "0"}, "missing_lines": [253, 256, 257, 258], "excluded_lines": [], "start_line": 252}, "unpublish_section": {"executed_lines": [], "summary": {"covered_lines": 0, "num_statements": 4, "percent_covered": 0.0, "percent_covered_display": "0", "missing_lines": 4, "excluded_lines": 0, "percent_statements_covered": 0.0, "percent_statements_covered_display": "0"}, "missing_lines": [264, 267, 268, 269], "excluded_lines": [], "start_line": 263}, "batch_display": {"executed_lines": [], "summary": {"covered_lines": 0, "num_statements": 24, "percent_covered": 0.0, "percent_covered_display": "0", "missing_lines": 24, "excluded_lines": 0, "percent_statements_covered": 0.0, "percent_statements_covered_display": "0"}, "missing_lines": [275, 276, 277, 279, 280, 282, 283, 285, 286, 287, 288, 289, 290, 293, 294, 295, 298, 299, 300, 301, 303, 305, 306, 307], "excluded_lines": [], "start_line": 274}, "show_all_sections": {"executed_lines": [], "summary": {"covered_lines": 0, "num_statements": 4, "percent_covered": 0.0, "percent_covered_display": "0", "missing_lines": 4, "excluded_lines": 0, "percent_statements_covered": 0.0, "percent_statements_covered_display": "0"}, "missing_lines": [313, 314, 315, 316], "excluded_lines": [], "start_line": 312}, "hide_all_sections": {"executed_lines": [], "summary": {"covered_lines": 0, "num_statements": 4, "percent_covered": 0.0, "percent_covered_display": "0", "missing_lines": 4, "excluded_lines": 0, "percent_statements_covered": 0.0, "percent_statements_covered_display": "0"}, "missing_lines": [322, 323, 324, 325], "excluded_lines": [], "start_line": 321}, "list_groups": {"executed_lines": [], "summary": {"covered_lines": 0, "num_statements": 2, "percent_covered": 0.0, "percent_covered_display": "0", "missing_lines": 2, "excluded_lines": 0, "percent_statements_covered": 0.0, "percent_statements_covered_display": "0"}, "missing_lines": [334, 335], "excluded_lines": [], "start_line": 333}, "show_group": {"executed_lines": [], "summary": {"covered_lines": 0, "num_statements": 4, "percent_covered": 0.0, "percent_covered_display": "0", "missing_lines": 4, "excluded_lines": 0, "percent_statements_covered": 0.0, "percent_statements_covered_display": "0"}, "missing_lines": [341, 342, 343, 344], "excluded_lines": [], "start_line": 340}, "hide_group": {"executed_lines": [], "summary": {"covered_lines": 0, "num_statements": 4, "percent_covered": 0.0, "percent_covered_display": "0", "missing_lines": 4, "excluded_lines": 0, "percent_statements_covered": 0.0, "percent_statements_covered_display": "0"}, "missing_lines": [350, 351, 352, 353], "excluded_lines": [], "start_line": 349}, "toggle_group": {"executed_lines": [], "summary": {"covered_lines": 0, "num_statements": 4, "percent_covered": 0.0, "percent_covered_display": "0", "missing_lines": 4, "excluded_lines": 0, "percent_statements_covered": 0.0, "percent_statements_covered_display": "0"}, "missing_lines": [359, 360, 361, 362], "excluded_lines": [], "start_line": 358}, "publish_group": {"executed_lines": [], "summary": {"covered_lines": 0, "num_statements": 4, "percent_covered": 0.0, "percent_covered_display": "0", "missing_lines": 4, "excluded_lines": 0, "percent_statements_covered": 0.0, "percent_statements_covered_display": "0"}, "missing_lines": [368, 369, 370, 371], "excluded_lines": [], "start_line": 367}, "unpublish_group": {"executed_lines": [], "summary": {"covered_lines": 0, "num_statements": 4, "percent_covered": 0.0, "percent_covered_display": "0", "missing_lines": 4, "excluded_lines": 0, "percent_statements_covered": 0.0, "percent_statements_covered_display": "0"}, "missing_lines": [377, 378, 379, 380], "excluded_lines": [], "start_line": 376}, "delete_group": {"executed_lines": [], "summary": {"covered_lines": 0, "num_statements": 4, "percent_covered": 0.0, "percent_covered_display": "0", "missing_lines": 4, "excluded_lines": 0, "percent_statements_covered": 0.0, "percent_statements_covered_display": "0"}, "missing_lines": [386, 387, 388, 389], "excluded_lines": [], "start_line": 385}, "list_contents": {"executed_lines": [], "summary": {"covered_lines": 0, "num_statements": 5, "percent_covered": 0.0, "percent_covered_display": "0", "missing_lines": 5, "excluded_lines": 0, "percent_statements_covered": 0.0, "percent_statements_covered_display": "0"}, "missing_lines": [398, 404, 412, 413, 414], "excluded_lines": [], "start_line": 397}, "create_content": {"executed_lines": [], "summary": {"covered_lines": 0, "num_statements": 10, "percent_covered": 0.0, "percent_covered_display": "0", "missing_lines": 10, "excluded_lines": 0, "percent_statements_covered": 0.0, "percent_statements_covered_display": "0"}, "missing_lines": [420, 421, 422, 424, 425, 426, 428, 442, 443, 444], "excluded_lines": [], "start_line": 419}, "update_content": {"executed_lines": [], "summary": {"covered_lines": 0, "num_statements": 7, "percent_covered": 0.0, "percent_covered_display": "0", "missing_lines": 7, "excluded_lines": 0, "percent_statements_covered": 0.0, "percent_statements_covered_display": "0"}, "missing_lines": [450, 451, 452, 454, 469, 470, 471], "excluded_lines": [], "start_line": 449}, "delete_content": {"executed_lines": [], "summary": {"covered_lines": 0, "num_statements": 4, "percent_covered": 0.0, "percent_covered_display": "0", "missing_lines": 4, "excluded_lines": 0, "percent_statements_covered": 0.0, "percent_statements_covered_display": "0"}, "missing_lines": [477, 478, 479, 480], "excluded_lines": [], "start_line": 476}, "list_layouts": {"executed_lines": [], "summary": {"covered_lines": 0, "num_statements": 4, "percent_covered": 0.0, "percent_covered_display": "0", "missing_lines": 4, "excluded_lines": 0, "percent_statements_covered": 0.0, "percent_statements_covered_display": "0"}, "missing_lines": [489, 490, 491, 492], "excluded_lines": [], "start_line": 488}, "get_layout": {"executed_lines": [], "summary": {"covered_lines": 0, "num_statements": 4, "percent_covered": 0.0, "percent_covered_display": "0", "missing_lines": 4, "excluded_lines": 0, "percent_statements_covered": 0.0, "percent_statements_covered_display": "0"}, "missing_lines": [498, 499, 500, 501], "excluded_lines": [], "start_line": 497}, "list_templates": {"executed_lines": [], "summary": {"covered_lines": 0, "num_statements": 4, "percent_covered": 0.0, "percent_covered_display": "0", "missing_lines": 4, "excluded_lines": 0, "percent_statements_covered": 0.0, "percent_statements_covered_display": "0"}, "missing_lines": [510, 511, 512, 513], "excluded_lines": [], "start_line": 509}, "apply_section_template": {"executed_lines": [], "summary": {"covered_lines": 0, "num_statements": 7, "percent_covered": 0.0, "percent_covered_display": "0", "missing_lines": 7, "excluded_lines": 0, "percent_statements_covered": 0.0, "percent_statements_covered_display": "0"}, "missing_lines": [519, 520, 521, 522, 525, 526, 527], "excluded_lines": [], "start_line": 518}, "apply_page_template": {"executed_lines": [], "summary": {"covered_lines": 0, "num_statements": 7, "percent_covered": 0.0, "percent_covered_display": "0", "missing_lines": 7, "excluded_lines": 0, "percent_statements_covered": 0.0, "percent_statements_covered_display": "0"}, "missing_lines": [540, 541, 542, 545, 546, 547, 548], "excluded_lines": [], "start_line": 539}, "get_template_group_status": {"executed_lines": [], "summary": {"covered_lines": 0, "num_statements": 4, "percent_covered": 0.0, "percent_covered_display": "0", "missing_lines": 4, "excluded_lines": 0, "percent_statements_covered": 0.0, "percent_statements_covered_display": "0"}, "missing_lines": [564, 565, 566, 567], "excluded_lines": [], "start_line": 563}, "publish_template_group": {"executed_lines": [], "summary": {"covered_lines": 0, "num_statements": 10, "percent_covered": 0.0, "percent_covered_display": "0", "missing_lines": 10, "excluded_lines": 0, "percent_statements_covered": 0.0, "percent_statements_covered_display": "0"}, "missing_lines": [573, 575, 576, 577, 579, 580, 587, 588, 589, 590], "excluded_lines": [], "start_line": 572}, "unpublish_template_group": {"executed_lines": [], "summary": {"covered_lines": 0, "num_statements": 10, "percent_covered": 0.0, "percent_covered_display": "0", "missing_lines": 10, "excluded_lines": 0, "percent_statements_covered": 0.0, "percent_statements_covered_display": "0"}, "missing_lines": [596, 598, 599, 600, 602, 603, 610, 611, 612, 613], "excluded_lines": [], "start_line": 595}, "show_template_group": {"executed_lines": [], "summary": {"covered_lines": 0, "num_statements": 4, "percent_covered": 0.0, "percent_covered_display": "0", "missing_lines": 4, "excluded_lines": 0, "percent_statements_covered": 0.0, "percent_statements_covered_display": "0"}, "missing_lines": [619, 620, 621, 622], "excluded_lines": [], "start_line": 618}, "hide_template_group": {"executed_lines": [], "summary": {"covered_lines": 0, "num_statements": 4, "percent_covered": 0.0, "percent_covered_display": "0", "missing_lines": 4, "excluded_lines": 0, "percent_statements_covered": 0.0, "percent_statements_covered_display": "0"}, "missing_lines": [628, 629, 630, 631], "excluded_lines": [], "start_line": 627}, "delete_template_group": {"executed_lines": [], "summary": {"covered_lines": 0, "num_statements": 4, "percent_covered": 0.0, "percent_covered_display": "0", "missing_lines": 4, "excluded_lines": 0, "percent_statements_covered": 0.0, "percent_statements_covered_display": "0"}, "missing_lines": [637, 638, 639, 640], "excluded_lines": [], "start_line": 636}, "get_applied_templates": {"executed_lines": [], "summary": {"covered_lines": 0, "num_statements": 2, "percent_covered": 0.0, "percent_covered_display": "0", "missing_lines": 2, "excluded_lines": 0, "percent_statements_covered": 0.0, "percent_statements_covered_display": "0"}, "missing_lines": [647, 648], "excluded_lines": [], "start_line": 645}, "": {"executed_lines": [1, 2, 7, 8, 9, 10, 11, 12, 13, 15, 17, 18, 26, 27, 32, 33, 51, 52, 59, 60, 72, 79, 80, 81, 103, 104, 105, 112, 113, 114, 141, 142, 143, 168, 169, 170, 177, 178, 179, 197, 198, 199, 204, 205, 206, 212, 213, 214, 222, 223, 224, 231, 232, 233, 240, 241, 242, 250, 251, 252, 261, 262, 263, 272, 273, 274, 310, 311, 312, 319, 320, 321, 331, 332, 333, 338, 339, 340, 347, 348, 349, 356, 357, 358, 365, 366, 367, 374, 375, 376, 383, 384, 385, 395, 396, 397, 417, 418, 419, 447, 448, 449, 474, 475, 476, 486, 487, 488, 495, 496, 497, 507, 508, 509, 516, 517, 518, 537, 538, 539, 561, 562, 563, 570, 571, 572, 593, 594, 595, 616, 617, 618, 625, 626, 627, 634, 635, 636, 643, 644, 645], "summary": {"covered_lines": 141, "num_statements": 141, "percent_covered": 100.0, "percent_covered_display": "100", "missing_lines": 0, "excluded_lines": 0, "percent_statements_covered": 100.0, "percent_statements_covered_display": "100"}, "missing_lines": [], "excluded_lines": [], "start_line": 1}}, "classes": {"": {"executed_lines": [1, 2, 7, 8, 9, 10, 11, 12, 13, 15, 17, 18, 26, 27, 32, 33, 51, 52, 59, 60, 72, 79, 80, 81, 103, 104, 105, 112, 113, 114, 141, 142, 143, 168, 169, 170, 177, 178, 179, 197, 198, 199, 204, 205, 206, 212, 213, 214, 222, 223, 224, 231, 232, 233, 240, 241, 242, 250, 251, 252, 261, 262, 263, 272, 273, 274, 310, 311, 312, 319, 320, 321, 331, 332, 333, 338, 339, 340, 347, 348, 349, 356, 357, 358, 365, 366, 367, 374, 375, 376, 383, 384, 385, 395, 396, 397, 417, 418, 419, 447, 448, 449, 474, 475, 476, 486, 487, 488, 495, 496, 497, 507, 508, 509, 516, 517, 518, 537, 538, 539, 561, 562, 563, 570, 571, 572, 593, 594, 595, 616, 617, 618, 625, 626, 627, 634, 635, 636, 643, 644, 645], "summary": {"covered_lines": 141, "num_statements": 380, "percent_covered": 37.10526315789474, "percent_covered_display": "37", "missing_lines": 239, "excluded_lines": 0, "percent_statements_covered": 37.10526315789474, "percent_statements_covered_display": "37"}, "missing_lines": [28, 29, 34, 35, 36, 37, 38, 40, 41, 43, 46, 47, 48, 53, 54, 55, 56, 61, 62, 63, 64, 73, 82, 91, 98, 99, 100, 106, 107, 108, 109, 115, 116, 117, 119, 120, 121, 123, 136, 137, 138, 144, 145, 146, 148, 163, 164, 165, 171, 172, 173, 174, 180, 181, 182, 184, 185, 186, 188, 189, 190, 191, 200, 201, 208, 209, 216, 217, 218, 219, 225, 226, 227, 228, 234, 235, 236, 237, 243, 244, 245, 246, 247, 253, 256, 257, 258, 264, 267, 268, 269, 275, 276, 277, 279, 280, 282, 283, 285, 286, 287, 288, 289, 290, 293, 294, 295, 298, 299, 300, 301, 303, 305, 306, 307, 313, 314, 315, 316, 322, 323, 324, 325, 334, 335, 341, 342, 343, 344, 350, 351, 352, 353, 359, 360, 361, 362, 368, 369, 370, 371, 377, 378, 379, 380, 386, 387, 388, 389, 398, 404, 412, 413, 414, 420, 421, 422, 424, 425, 426, 428, 442, 443, 444, 450, 451, 452, 454, 469, 470, 471, 477, 478, 479, 480, 489, 490, 491, 492, 498, 499, 500, 501, 510, 511, 512, 513, 519, 520, 521, 522, 525, 526, 527, 540, 541, 542, 545, 546, 547, 548, 564, 565, 566, 567, 573, 575, 576, 577, 579, 580, 587, 588, 589, 590, 596, 598, 599, 600, 602, 603, 610, 611, 612, 613, 619, 620, 621, 622, 628, 629, 630, 631, 637, 638, 639, 640, 647, 648], "excluded_lines": [], "start_line": 1}}}, "src\\api\\controllers\\resource_controller.py": {"executed_lines": [1, 2, 3, 4, 5, 6, 7, 9, 10, 13, 14, 18, 19, 20, 21, 22, 24, 25, 28, 29, 30, 31, 32, 34, 43, 44, 52, 53, 54, 55, 61, 68, 70, 74, 75, 76, 77, 78, 79, 84, 85, 86, 106, 107, 108, 109, 110, 111, 112, 117, 118, 119, 127, 128, 129, 130, 131, 133, 137, 138, 139, 140, 141, 142, 144, 148, 149, 150, 158, 159, 160, 175, 176, 177, 178, 179, 181, 185, 186, 187, 188, 190, 191, 192], "summary": {"covered_lines": 84, "num_statements": 119, "percent_covered": 70.58823529411765, "percent_covered_display": "71", "missing_lines": 35, "excluded_lines": 0, "percent_statements_covered": 70.58823529411765, "percent_statements_covered_display": "71"}, "missing_lines": [26, 46, 69, 80, 87, 88, 89, 91, 100, 101, 102, 113, 120, 121, 122, 123, 132, 143, 151, 152, 153, 154, 155, 161, 162, 163, 164, 165, 166, 168, 169, 170, 171, 180, 193], "excluded_lines": [], "functions": {"_uid": {"executed_lines": [14], "summary": {"covered_lines": 1, "num_statements": 1, "percent_covered": 100.0, "percent_covered_display": "100", "missing_lines": 0, "excluded_lines": 0, "percent_statements_covered": 100.0, "percent_statements_covered_display": "100"}, "missing_lines": [], "excluded_lines": [], "start_line": 13}, "upload_resource": {"executed_lines": [21, 22, 24, 25, 28, 29, 30, 31, 32, 34, 43, 44], "summary": {"covered_lines": 12, "num_statements": 14, "percent_covered": 85.71428571428571, "percent_covered_display": "86", "missing_lines": 2, "excluded_lines": 0, "percent_statements_covered": 85.71428571428571, "percent_statements_covered_display": "86"}, "missing_lines": [26, 46], "excluded_lines": [], "start_line": 20}, "list_resources": {"executed_lines": [55, 61, 68, 70], "summary": {"covered_lines": 4, "num_statements": 5, "percent_covered": 80.0, "percent_covered_display": "80", "missing_lines": 1, "excluded_lines": 0, "percent_statements_covered": 80.0, "percent_statements_covered_display": "80"}, "missing_lines": [69], "excluded_lines": [], "start_line": 54}, "get_resource": {"executed_lines": [77, 78, 79], "summary": {"covered_lines": 3, "num_statements": 4, "percent_covered": 75.0, "percent_covered_display": "75", "missing_lines": 1, "excluded_lines": 0, "percent_statements_covered": 75.0, "percent_statements_covered_display": "75"}, "missing_lines": [80], "excluded_lines": [], "start_line": 76}, "update_resource": {"executed_lines": [], "summary": {"covered_lines": 0, "num_statements": 7, "percent_covered": 0.0, "percent_covered_display": "0", "missing_lines": 7, "excluded_lines": 0, "percent_statements_covered": 0.0, "percent_statements_covered_display": "0"}, "missing_lines": [87, 88, 89, 91, 100, 101, 102], "excluded_lines": [], "start_line": 86}, "delete_resource": {"executed_lines": [109, 110, 111, 112], "summary": {"covered_lines": 4, "num_statements": 5, "percent_covered": 80.0, "percent_covered_display": "80", "missing_lines": 1, "excluded_lines": 0, "percent_statements_covered": 80.0, "percent_statements_covered_display": "80"}, "missing_lines": [113], "excluded_lines": [], "start_line": 108}, "download_resource": {"executed_lines": [], "summary": {"covered_lines": 0, "num_statements": 4, "percent_covered": 0.0, "percent_covered_display": "0", "missing_lines": 4, "excluded_lines": 0, "percent_statements_covered": 0.0, "percent_statements_covered_display": "0"}, "missing_lines": [120, 121, 122, 123], "excluded_lines": [], "start_line": 119}, "list_collections": {"executed_lines": [130, 131, 133], "summary": {"covered_lines": 3, "num_statements": 4, "percent_covered": 75.0, "percent_covered_display": "75", "missing_lines": 1, "excluded_lines": 0, "percent_statements_covered": 75.0, "percent_statements_covered_display": "75"}, "missing_lines": [132], "excluded_lines": [], "start_line": 129}, "list_folders": {"executed_lines": [140, 141, 142, 144], "summary": {"covered_lines": 4, "num_statements": 5, "percent_covered": 80.0, "percent_covered_display": "80", "missing_lines": 1, "excluded_lines": 0, "percent_statements_covered": 80.0, "percent_statements_covered_display": "80"}, "missing_lines": [143], "excluded_lines": [], "start_line": 139}, "list_cloudinary_folders": {"executed_lines": [], "summary": {"covered_lines": 0, "num_statements": 5, "percent_covered": 0.0, "percent_covered_display": "0", "missing_lines": 5, "excluded_lines": 0, "percent_statements_covered": 0.0, "percent_statements_covered_display": "0"}, "missing_lines": [151, 152, 153, 154, 155], "excluded_lines": [], "start_line": 150}, "create_cloudinary_folder": {"executed_lines": [], "summary": {"covered_lines": 0, "num_statements": 10, "percent_covered": 0.0, "percent_covered_display": "0", "missing_lines": 10, "excluded_lines": 0, "percent_statements_covered": 0.0, "percent_statements_covered_display": "0"}, "missing_lines": [161, 162, 163, 164, 165, 166, 168, 169, 170, 171], "excluded_lines": [], "start_line": 160}, "resource_stats": {"executed_lines": [178, 179, 181], "summary": {"covered_lines": 3, "num_statements": 4, "percent_covered": 75.0, "percent_covered_display": "75", "missing_lines": 1, "excluded_lines": 0, "percent_statements_covered": 75.0, "percent_statements_covered_display": "75"}, "missing_lines": [180], "excluded_lines": [], "start_line": 177}, "cloudinary_account": {"executed_lines": [188, 190, 191, 192], "summary": {"covered_lines": 4, "num_statements": 5, "percent_covered": 80.0, "percent_covered_display": "80", "missing_lines": 1, "excluded_lines": 0, "percent_statements_covered": 80.0, "percent_statements_covered_display": "80"}, "missing_lines": [193], "excluded_lines": [], "start_line": 187}, "": {"executed_lines": [1, 2, 3, 4, 5, 6, 7, 9, 10, 13, 18, 19, 20, 52, 53, 54, 74, 75, 76, 84, 85, 86, 106, 107, 108, 117, 118, 119, 127, 128, 129, 137, 138, 139, 148, 149, 150, 158, 159, 160, 175, 176, 177, 185, 186, 187], "summary": {"covered_lines": 46, "num_statements": 46, "percent_covered": 100.0, "percent_covered_display": "100", "missing_lines": 0, "excluded_lines": 0, "percent_statements_covered": 100.0, "percent_statements_covered_display": "100"}, "missing_lines": [], "excluded_lines": [], "start_line": 1}}, "classes": {"": {"executed_lines": [1, 2, 3, 4, 5, 6, 7, 9, 10, 13, 14, 18, 19, 20, 21, 22, 24, 25, 28, 29, 30, 31, 32, 34, 43, 44, 52, 53, 54, 55, 61, 68, 70, 74, 75, 76, 77, 78, 79, 84, 85, 86, 106, 107, 108, 109, 110, 111, 112, 117, 118, 119, 127, 128, 129, 130, 131, 133, 137, 138, 139, 140, 141, 142, 144, 148, 149, 150, 158, 159, 160, 175, 176, 177, 178, 179, 181, 185, 186, 187, 188, 190, 191, 192], "summary": {"covered_lines": 84, "num_statements": 119, "percent_covered": 70.58823529411765, "percent_covered_display": "71", "missing_lines": 35, "excluded_lines": 0, "percent_statements_covered": 70.58823529411765, "percent_statements_covered_display": "71"}, "missing_lines": [26, 46, 69, 80, 87, 88, 89, 91, 100, 101, 102, 113, 120, 121, 122, 123, 132, 143, 151, 152, 153, 154, 155, 161, 162, 163, 164, 165, 166, 168, 169, 170, 171, 180, 193], "excluded_lines": [], "start_line": 1}}}, "src\\api\\controllers\\role_controller.py": {"executed_lines": [1, 2, 3, 4, 5, 7, 9, 12, 13, 14, 16, 17, 18, 19, 20, 21, 22, 23, 32, 33, 34, 36, 37, 38, 39, 40, 41, 44, 45, 48, 49, 58, 59, 60, 62, 63, 64, 66, 72, 73, 74, 77, 78, 79, 82, 84, 85, 86, 87, 88, 91, 93, 96, 97, 106, 107, 108, 110, 111, 112, 114, 120, 121, 124, 125, 126, 129, 130, 132, 135, 136, 145, 146, 147, 171, 172, 173, 175, 176, 177, 178, 179, 180, 183, 184, 193, 194, 195, 197, 198, 199, 201, 202, 205, 207, 208, 215, 217, 218, 221, 222, 228, 231, 232, 246, 247, 248, 282, 285, 286], "summary": {"covered_lines": 110, "num_statements": 185, "percent_covered": 59.45945945945946, "percent_covered_display": "59", "missing_lines": 75, "excluded_lines": 0, "percent_statements_covered": 59.45945945945946, "percent_statements_covered_display": "59"}, "missing_lines": [26, 27, 28, 29, 50, 51, 54, 55, 67, 70, 98, 99, 102, 103, 115, 118, 137, 138, 141, 142, 149, 150, 151, 152, 153, 154, 157, 158, 160, 161, 162, 163, 164, 167, 168, 185, 186, 189, 190, 211, 214, 223, 226, 238, 239, 242, 243, 250, 253, 254, 257, 258, 259, 262, 264, 267, 268, 274, 275, 278, 279, 288, 291, 292, 295, 296, 297, 300, 302, 305, 306, 312, 313, 316, 317], "excluded_lines": [], "functions": {"get_roles": {"executed_lines": [16, 17, 18, 19, 20, 21, 22, 23], "summary": {"covered_lines": 8, "num_statements": 12, "percent_covered": 66.66666666666667, "percent_covered_display": "67", "missing_lines": 4, "excluded_lines": 0, "percent_statements_covered": 66.66666666666667, "percent_statements_covered_display": "67"}, "missing_lines": [26, 27, 28, 29], "excluded_lines": [], "start_line": 14}, "get_role": {"executed_lines": [36, 37, 38, 39, 40, 41, 44, 45, 48, 49], "summary": {"covered_lines": 10, "num_statements": 14, "percent_covered": 71.42857142857143, "percent_covered_display": "71", "missing_lines": 4, "excluded_lines": 0, "percent_statements_covered": 71.42857142857143, "percent_statements_covered_display": "71"}, "missing_lines": [50, 51, 54, 55], "excluded_lines": [], "start_line": 34}, "create_role": {"executed_lines": [62, 63, 64, 66, 72, 73, 74, 77, 78, 79, 82, 84, 85, 86, 87, 88, 91, 93, 96, 97], "summary": {"covered_lines": 20, "num_statements": 26, "percent_covered": 76.92307692307692, "percent_covered_display": "77", "missing_lines": 6, "excluded_lines": 0, "percent_statements_covered": 76.92307692307692, "percent_statements_covered_display": "77"}, "missing_lines": [67, 70, 98, 99, 102, 103], "excluded_lines": [], "start_line": 60}, "update_role": {"executed_lines": [110, 111, 112, 114, 120, 121, 124, 125, 126, 129, 130, 132, 135, 136], "summary": {"covered_lines": 14, "num_statements": 20, "percent_covered": 70.0, "percent_covered_display": "70", "missing_lines": 6, "excluded_lines": 0, "percent_statements_covered": 70.0, "percent_statements_covered_display": "70"}, "missing_lines": [115, 118, 137, 138, 141, 142], "excluded_lines": [], "start_line": 108}, "delete_role": {"executed_lines": [], "summary": {"covered_lines": 0, "num_statements": 15, "percent_covered": 0.0, "percent_covered_display": "0", "missing_lines": 15, "excluded_lines": 0, "percent_statements_covered": 0.0, "percent_statements_covered_display": "0"}, "missing_lines": [149, 150, 151, 152, 153, 154, 157, 158, 160, 161, 162, 163, 164, 167, 168], "excluded_lines": [], "start_line": 147}, "get_permissions": {"executed_lines": [175, 176, 177, 178, 179, 180, 183, 184], "summary": {"covered_lines": 8, "num_statements": 12, "percent_covered": 66.66666666666667, "percent_covered_display": "67", "missing_lines": 4, "excluded_lines": 0, "percent_statements_covered": 66.66666666666667, "percent_statements_covered_display": "67"}, "missing_lines": [185, 186, 189, 190], "excluded_lines": [], "start_line": 173}, "set_role_permissions": {"executed_lines": [197, 198, 199, 201, 202, 205, 207, 208, 215, 217, 218, 221, 222, 228, 231, 232], "summary": {"covered_lines": 16, "num_statements": 24, "percent_covered": 66.66666666666667, "percent_covered_display": "67", "missing_lines": 8, "excluded_lines": 0, "percent_statements_covered": 66.66666666666667, "percent_statements_covered_display": "67"}, "missing_lines": [211, 214, 223, 226, 238, 239, 242, 243], "excluded_lines": [], "start_line": 195}, "add_role_permission": {"executed_lines": [], "summary": {"covered_lines": 0, "num_statements": 14, "percent_covered": 0.0, "percent_covered_display": "0", "missing_lines": 14, "excluded_lines": 0, "percent_statements_covered": 0.0, "percent_statements_covered_display": "0"}, "missing_lines": [250, 253, 254, 257, 258, 259, 262, 264, 267, 268, 274, 275, 278, 279], "excluded_lines": [], "start_line": 248}, "remove_role_permission": {"executed_lines": [], "summary": {"covered_lines": 0, "num_statements": 14, "percent_covered": 0.0, "percent_covered_display": "0", "missing_lines": 14, "excluded_lines": 0, "percent_statements_covered": 0.0, "percent_statements_covered_display": "0"}, "missing_lines": [288, 291, 292, 295, 296, 297, 300, 302, 305, 306, 312, 313, 316, 317], "excluded_lines": [], "start_line": 286}, "": {"executed_lines": [1, 2, 3, 4, 5, 7, 9, 12, 13, 14, 32, 33, 34, 58, 59, 60, 106, 107, 108, 145, 146, 147, 171, 172, 173, 193, 194, 195, 246, 247, 248, 282, 285, 286], "summary": {"covered_lines": 34, "num_statements": 34, "percent_covered": 100.0, "percent_covered_display": "100", "missing_lines": 0, "excluded_lines": 0, "percent_statements_covered": 100.0, "percent_statements_covered_display": "100"}, "missing_lines": [], "excluded_lines": [], "start_line": 1}}, "classes": {"": {"executed_lines": [1, 2, 3, 4, 5, 7, 9, 12, 13, 14, 16, 17, 18, 19, 20, 21, 22, 23, 32, 33, 34, 36, 37, 38, 39, 40, 41, 44, 45, 48, 49, 58, 59, 60, 62, 63, 64, 66, 72, 73, 74, 77, 78, 79, 82, 84, 85, 86, 87, 88, 91, 93, 96, 97, 106, 107, 108, 110, 111, 112, 114, 120, 121, 124, 125, 126, 129, 130, 132, 135, 136, 145, 146, 147, 171, 172, 173, 175, 176, 177, 178, 179, 180, 183, 184, 193, 194, 195, 197, 198, 199, 201, 202, 205, 207, 208, 215, 217, 218, 221, 222, 228, 231, 232, 246, 247, 248, 282, 285, 286], "summary": {"covered_lines": 110, "num_statements": 185, "percent_covered": 59.45945945945946, "percent_covered_display": "59", "missing_lines": 75, "excluded_lines": 0, "percent_statements_covered": 59.45945945945946, "percent_statements_covered_display": "59"}, "missing_lines": [26, 27, 28, 29, 50, 51, 54, 55, 67, 70, 98, 99, 102, 103, 115, 118, 137, 138, 141, 142, 149, 150, 151, 152, 153, 154, 157, 158, 160, 161, 162, 163, 164, 167, 168, 185, 186, 189, 190, 211, 214, 223, 226, 238, 239, 242, 243, 250, 253, 254, 257, 258, 259, 262, 264, 267, 268, 274, 275, 278, 279, 288, 291, 292, 295, 296, 297, 300, 302, 305, 306, 312, 313, 316, 317], "excluded_lines": [], "start_line": 1}}}, "src\\api\\controllers\\user_controller.py": {"executed_lines": [1, 2, 3, 4, 5, 6, 7, 8, 9, 10, 11, 13, 14, 17, 18, 19, 20, 21, 22, 25, 26, 27, 28, 29, 30, 31, 34, 35, 36, 37, 38, 39, 41, 42, 43, 45, 46, 49, 50, 53, 54, 57, 58, 59, 60, 61, 62, 63, 65, 66, 69, 70, 71, 77, 78, 79], "summary": {"covered_lines": 56, "num_statements": 70, "percent_covered": 80.0, "percent_covered_display": "80", "missing_lines": 14, "excluded_lines": 0, "percent_statements_covered": 80.0, "percent_statements_covered_display": "80"}, "missing_lines": [47, 51, 72, 73, 74, 80, 82, 83, 84, 86, 87, 88, 90, 91], "excluded_lines": [], "functions": {"get_users": {"executed_lines": [20, 21, 22], "summary": {"covered_lines": 3, "num_statements": 3, "percent_covered": 100.0, "percent_covered_display": "100", "missing_lines": 0, "excluded_lines": 0, "percent_statements_covered": 100.0, "percent_statements_covered_display": "100"}, "missing_lines": [], "excluded_lines": [], "start_line": 19}, "get_user": {"executed_lines": [28, 29, 30, 31], "summary": {"covered_lines": 4, "num_statements": 4, "percent_covered": 100.0, "percent_covered_display": "100", "missing_lines": 0, "excluded_lines": 0, "percent_statements_covered": 100.0, "percent_statements_covered_display": "100"}, "missing_lines": [], "excluded_lines": [], "start_line": 27}, "update_user": {"executed_lines": [37, 38, 39, 41, 42, 43, 45, 46, 49, 50, 53, 54], "summary": {"covered_lines": 12, "num_statements": 14, "percent_covered": 85.71428571428571, "percent_covered_display": "86", "missing_lines": 2, "excluded_lines": 0, "percent_statements_covered": 85.71428571428571, "percent_statements_covered_display": "86"}, "missing_lines": [47, 51], "excluded_lines": [], "start_line": 36}, "delete_user": {"executed_lines": [60, 61, 62, 63, 65, 66], "summary": {"covered_lines": 6, "num_statements": 6, "percent_covered": 100.0, "percent_covered_display": "100", "missing_lines": 0, "excluded_lines": 0, "percent_statements_covered": 100.0, "percent_statements_covered_display": "100"}, "missing_lines": [], "excluded_lines": [], "start_line": 59}, "get_own_profile": {"executed_lines": [], "summary": {"covered_lines": 0, "num_statements": 3, "percent_covered": 0.0, "percent_covered_display": "0", "missing_lines": 3, "excluded_lines": 0, "percent_statements_covered": 0.0, "percent_statements_covered_display": "0"}, "missing_lines": [72, 73, 74], "excluded_lines": [], "start_line": 71}, "update_own_username": {"executed_lines": [], "summary": {"covered_lines": 0, "num_statements": 9, "percent_covered": 0.0, "percent_covered_display": "0", "missing_lines": 9, "excluded_lines": 0, "percent_statements_covered": 0.0, "percent_statements_covered_display": "0"}, "missing_lines": [80, 82, 83, 84, 86, 87, 88, 90, 91], "excluded_lines": [], "start_line": 79}, "": {"executed_lines": [1, 2, 3, 4, 5, 6, 7, 8, 9, 10, 11, 13, 14, 17, 18, 19, 25, 26, 27, 34, 35, 36, 57, 58, 59, 69, 70, 71, 77, 78, 79], "summary": {"covered_lines": 31, "num_statements": 31, "percent_covered": 100.0, "percent_covered_display": "100", "missing_lines": 0, "excluded_lines": 0, "percent_statements_covered": 100.0, "percent_statements_covered_display": "100"}, "missing_lines": [], "excluded_lines": [], "start_line": 1}}, "classes": {"": {"executed_lines": [1, 2, 3, 4, 5, 6, 7, 8, 9, 10, 11, 13, 14, 17, 18, 19, 20, 21, 22, 25, 26, 27, 28, 29, 30, 31, 34, 35, 36, 37, 38, 39, 41, 42, 43, 45, 46, 49, 50, 53, 54, 57, 58, 59, 60, 61, 62, 63, 65, 66, 69, 70, 71, 77, 78, 79], "summary": {"covered_lines": 56, "num_statements": 70, "percent_covered": 80.0, "percent_covered_display": "80", "missing_lines": 14, "excluded_lines": 0, "percent_statements_covered": 80.0, "percent_statements_covered_display": "80"}, "missing_lines": [47, 51, 72, 73, 74, 80, 82, 83, 84, 86, 87, 88, 90, 91], "excluded_lines": [], "start_line": 1}}}, "src\\api\\controllers\\verification_controller.py": {"executed_lines": [1, 2, 3, 4, 5, 6, 7, 8, 9, 10, 12, 13, 16, 33, 40, 70, 105, 106, 123, 124, 161, 162, 163, 173, 174, 175, 184, 185, 186, 200, 201, 202], "summary": {"covered_lines": 32, "num_statements": 126, "percent_covered": 25.396825396825395, "percent_covered_display": "25", "missing_lines": 94, "excluded_lines": 0, "percent_statements_covered": 25.396825396825395, "percent_statements_covered_display": "25"}, "missing_lines": [17, 18, 22, 23, 25, 27, 28, 29, 30, 34, 35, 36, 37, 41, 42, 43, 45, 46, 47, 49, 50, 51, 53, 54, 56, 57, 59, 62, 63, 64, 66, 67, 71, 72, 73, 75, 76, 77, 79, 80, 81, 83, 84, 85, 87, 88, 89, 91, 92, 93, 95, 96, 97, 107, 108, 109, 111, 112, 113, 115, 116, 117, 119, 120, 125, 126, 127, 129, 130, 131, 133, 134, 139, 140, 142, 145, 146, 148, 149, 150, 152, 153, 164, 165, 166, 167, 168, 176, 187, 188, 189, 190, 191, 203], "excluded_lines": [], "functions": {"_verification_response": {"executed_lines": [], "summary": {"covered_lines": 0, "num_statements": 9, "percent_covered": 0.0, "percent_covered_display": "0", "missing_lines": 9, "excluded_lines": 0, "percent_statements_covered": 0.0, "percent_statements_covered_display": "0"}, "missing_lines": [17, 18, 22, 23, 25, 27, 28, 29, 30], "excluded_lines": [], "start_line": 16}, "_get_user": {"executed_lines": [], "summary": {"covered_lines": 0, "num_statements": 4, "percent_covered": 0.0, "percent_covered_display": "0", "missing_lines": 4, "excluded_lines": 0, "percent_statements_covered": 0.0, "percent_statements_covered_display": "0"}, "missing_lines": [34, 35, 36, 37], "excluded_lines": [], "start_line": 33}, "_request_step1": {"executed_lines": [], "summary": {"covered_lines": 0, "num_statements": 19, "percent_covered": 0.0, "percent_covered_display": "0", "missing_lines": 19, "excluded_lines": 0, "percent_statements_covered": 0.0, "percent_statements_covered_display": "0"}, "missing_lines": [41, 42, 43, 45, 46, 47, 49, 50, 51, 53, 54, 56, 57, 59, 62, 63, 64, 66, 67], "excluded_lines": [], "start_line": 40}, "_verify_step2": {"executed_lines": [], "summary": {"covered_lines": 0, "num_statements": 21, "percent_covered": 0.0, "percent_covered_display": "0", "missing_lines": 21, "excluded_lines": 0, "percent_statements_covered": 0.0, "percent_statements_covered_display": "0"}, "missing_lines": [71, 72, 73, 75, 76, 77, 79, 80, 81, 83, 84, 85, 87, 88, 89, 91, 92, 93, 95, 96, 97], "excluded_lines": [], "start_line": 70}, "reset_password_request": {"executed_lines": [], "summary": {"covered_lines": 0, "num_statements": 11, "percent_covered": 0.0, "percent_covered_display": "0", "missing_lines": 11, "excluded_lines": 0, "percent_statements_covered": 0.0, "percent_statements_covered_display": "0"}, "missing_lines": [107, 108, 109, 111, 112, 113, 115, 116, 117, 119, 120], "excluded_lines": [], "start_line": 106}, "reset_password_verify": {"executed_lines": [], "summary": {"covered_lines": 0, "num_statements": 18, "percent_covered": 0.0, "percent_covered_display": "0", "missing_lines": 18, "excluded_lines": 0, "percent_statements_covered": 0.0, "percent_statements_covered_display": "0"}, "missing_lines": [125, 126, 127, 129, 130, 131, 133, 134, 139, 140, 142, 145, 146, 148, 149, 150, 152, 153], "excluded_lines": [], "start_line": 124}, "update_email_request": {"executed_lines": [], "summary": {"covered_lines": 0, "num_statements": 5, "percent_covered": 0.0, "percent_covered_display": "0", "missing_lines": 5, "excluded_lines": 0, "percent_statements_covered": 0.0, "percent_statements_covered_display": "0"}, "missing_lines": [164, 165, 166, 167, 168], "excluded_lines": [], "start_line": 163}, "update_email_verify": {"executed_lines": [], "summary": {"covered_lines": 0, "num_statements": 1, "percent_covered": 0.0, "percent_covered_display": "0", "missing_lines": 1, "excluded_lines": 0, "percent_statements_covered": 0.0, "percent_statements_covered_display": "0"}, "missing_lines": [176], "excluded_lines": [], "start_line": 175}, "update_username_request": {"executed_lines": [], "summary": {"covered_lines": 0, "num_statements": 5, "percent_covered": 0.0, "percent_covered_display": "0", "missing_lines": 5, "excluded_lines": 0, "percent_statements_covered": 0.0, "percent_statements_covered_display": "0"}, "missing_lines": [187, 188, 189, 190, 191], "excluded_lines": [], "start_line": 186}, "update_username_verify": {"executed_lines": [], "summary": {"covered_lines": 0, "num_statements": 1, "percent_covered": 0.0, "percent_covered_display": "0", "missing_lines": 1, "excluded_lines": 0, "percent_statements_covered": 0.0, "percent_statements_covered_display": "0"}, "missing_lines": [203], "excluded_lines": [], "start_line": 202}, "": {"executed_lines": [1, 2, 3, 4, 5, 6, 7, 8, 9, 10, 12, 13, 16, 33, 40, 70, 105, 106, 123, 124, 161, 162, 163, 173, 174, 175, 184, 185, 186, 200, 201, 202], "summary": {"covered_lines": 32, "num_statements": 32, "percent_covered": 100.0, "percent_covered_display": "100", "missing_lines": 0, "excluded_lines": 0, "percent_statements_covered": 100.0, "percent_statements_covered_display": "100"}, "missing_lines": [], "excluded_lines": [], "start_line": 1}}, "classes": {"": {"executed_lines": [1, 2, 3, 4, 5, 6, 7, 8, 9, 10, 12, 13, 16, 33, 40, 70, 105, 106, 123, 124, 161, 162, 163, 173, 174, 175, 184, 185, 186, 200, 201, 202], "summary": {"covered_lines": 32, "num_statements": 126, "percent_covered": 25.396825396825395, "percent_covered_display": "25", "missing_lines": 94, "excluded_lines": 0, "percent_statements_covered": 25.396825396825395, "percent_statements_covered_display": "25"}, "missing_lines": [17, 18, 22, 23, 25, 27, 28, 29, 30, 34, 35, 36, 37, 41, 42, 43, 45, 46, 47, 49, 50, 51, 53, 54, 56, 57, 59, 62, 63, 64, 66, 67, 71, 72, 73, 75, 76, 77, 79, 80, 81, 83, 84, 85, 87, 88, 89, 91, 92, 93, 95, 96, 97, 107, 108, 109, 111, 112, 113, 115, 116, 117, 119, 120, 125, 126, 127, 129, 130, 131, 133, 134, 139, 140, 142, 145, 146, 148, 149, 150, 152, 153, 164, 165, 166, 167, 168, 176, 187, 188, 189, 190, 191, 203], "excluded_lines": [], "start_line": 1}}}, "src\\api\\docs\\__init__.py": {"executed_lines": [1, 2, 3, 4, 5, 7, 8, 10, 13, 19, 36, 37, 49, 51, 52], "summary": {"covered_lines": 15, "num_statements": 31, "percent_covered": 48.38709677419355, "percent_covered_display": "48", "missing_lines": 16, "excluded_lines": 0, "percent_statements_covered": 48.38709677419355, "percent_statements_covered_display": "48"}, "missing_lines": [14, 15, 16, 20, 22, 23, 24, 26, 27, 28, 29, 30, 31, 33, 53, 54], "excluded_lines": [], "functions": {"_load_yaml": {"executed_lines": [], "summary": {"covered_lines": 0, "num_statements": 3, "percent_covered": 0.0, "percent_covered_display": "0", "missing_lines": 3, "excluded_lines": 0, "percent_statements_covered": 0.0, "percent_statements_covered_display": "0"}, "missing_lines": [14, 15, 16], "excluded_lines": [], "start_line": 13}, "_load_openapi_spec": {"executed_lines": [], "summary": {"covered_lines": 0, "num_statements": 11, "percent_covered": 0.0, "percent_covered_display": "0", "missing_lines": 11, "excluded_lines": 0, "percent_statements_covered": 0.0, "percent_statements_covered_display": "0"}, "missing_lines": [20, 22, 23, 24, 26, 27, 28, 29, 30, 31, 33], "excluded_lines": [], "start_line": 19}, "register_docs": {"executed_lines": [37, 49, 51, 52], "summary": {"covered_lines": 4, "num_statements": 4, "percent_covered": 100.0, "percent_covered_display": "100", "missing_lines": 0, "excluded_lines": 0, "percent_statements_covered": 100.0, "percent_statements_covered_display": "100"}, "missing_lines": [], "excluded_lines": [], "start_line": 36}, "register_docs.openapi_json": {"executed_lines": [], "summary": {"covered_lines": 0, "num_statements": 2, "percent_covered": 0.0, "percent_covered_display": "0", "missing_lines": 2, "excluded_lines": 0, "percent_statements_covered": 0.0, "percent_statements_covered_display": "0"}, "missing_lines": [53, 54], "excluded_lines": [], "start_line": 52}, "": {"executed_lines": [1, 2, 3, 4, 5, 7, 8, 10, 13, 19, 36], "summary": {"covered_lines": 11, "num_statements": 11, "percent_covered": 100.0, "percent_covered_display": "100", "missing_lines": 0, "excluded_lines": 0, "percent_statements_covered": 100.0, "percent_statements_covered_display": "100"}, "missing_lines": [], "excluded_lines": [], "start_line": 1}}, "classes": {"": {"executed_lines": [1, 2, 3, 4, 5, 7, 8, 10, 13, 19, 36, 37, 49, 51, 52], "summary": {"covered_lines": 15, "num_statements": 31, "percent_covered": 48.38709677419355, "percent_covered_display": "48", "missing_lines": 16, "excluded_lines": 0, "percent_statements_covered": 48.38709677419355, "percent_statements_covered_display": "48"}, "missing_lines": [14, 15, 16, 20, 22, 23, 24, 26, 27, 28, 29, 30, 31, 33, 53, 54], "excluded_lines": [], "start_line": 1}}}, "src\\api\\extensions.py": {"executed_lines": [1, 2, 4], "summary": {"covered_lines": 3, "num_statements": 3, "percent_covered": 100.0, "percent_covered_display": "100", "missing_lines": 0, "excluded_lines": 0, "percent_statements_covered": 100.0, "percent_statements_covered_display": "100"}, "missing_lines": [], "excluded_lines": [], "functions": {"": {"executed_lines": [1, 2, 4], "summary": {"covered_lines": 3, "num_statements": 3, "percent_covered": 100.0, "percent_covered_display": "100", "missing_lines": 0, "excluded_lines": 0, "percent_statements_covered": 100.0, "percent_statements_covered_display": "100"}, "missing_lines": [], "excluded_lines": [], "start_line": 1}}, "classes": {"": {"executed_lines": [1, 2, 4], "summary": {"covered_lines": 3, "num_statements": 3, "percent_covered": 100.0, "percent_covered_display": "100", "missing_lines": 0, "excluded_lines": 0, "percent_statements_covered": 100.0, "percent_statements_covered_display": "100"}, "missing_lines": [], "excluded_lines": [], "start_line": 1}}}, "src\\api\\models\\__init__.py": {"executed_lines": [1, 3, 5, 6, 7, 8, 9, 10, 11, 12, 14], "summary": {"covered_lines": 11, "num_statements": 11, "percent_covered": 100.0, "percent_covered_display": "100", "missing_lines": 0, "excluded_lines": 0, "percent_statements_covered": 100.0, "percent_statements_covered_display": "100"}, "missing_lines": [], "excluded_lines": [], "functions": {"": {"executed_lines": [1, 3, 5, 6, 7, 8, 9, 10, 11, 12, 14], "summary": {"covered_lines": 11, "num_statements": 11, "percent_covered": 100.0, "percent_covered_display": "100", "missing_lines": 0, "excluded_lines": 0, "percent_statements_covered": 100.0, "percent_statements_covered_display": "100"}, "missing_lines": [], "excluded_lines": [], "start_line": 1}}, "classes": {"": {"executed_lines": [1, 3, 5, 6, 7, 8, 9, 10, 11, 12, 14], "summary": {"covered_lines": 11, "num_statements": 11, "percent_covered": 100.0, "percent_covered_display": "100", "missing_lines": 0, "excluded_lines": 0, "percent_statements_covered": 100.0, "percent_statements_covered_display": "100"}, "missing_lines": [], "excluded_lines": [], "start_line": 1}}}, "src\\api\\models\\backup_log.py": {"executed_lines": [1, 2, 5, 6, 8, 9, 10, 11, 12, 13, 14, 16, 17, 19, 23], "summary": {"covered_lines": 15, "num_statements": 16, "percent_covered": 93.75, "percent_covered_display": "94", "missing_lines": 1, "excluded_lines": 0, "percent_statements_covered": 93.75, "percent_statements_covered_display": "94"}, "missing_lines": [24], "excluded_lines": [], "functions": {"BackupLog.to_dict": {"executed_lines": [], "summary": {"covered_lines": 0, "num_statements": 1, "percent_covered": 0.0, "percent_covered_display": "0", "missing_lines": 1, "excluded_lines": 0, "percent_statements_covered": 0.0, "percent_statements_covered_display": "0"}, "missing_lines": [24], "excluded_lines": [], "start_line": 23}, "": {"executed_lines": [1, 2, 5, 6, 8, 9, 10, 11, 12, 13, 14, 16, 17, 19, 23], "summary": {"covered_lines": 15, "num_statements": 15, "percent_covered": 100.0, "percent_covered_display": "100", "missing_lines": 0, "excluded_lines": 0, "percent_statements_covered": 100.0, "percent_statements_covered_display": "100"}, "missing_lines": [], "excluded_lines": [], "start_line": 1}}, "classes": {"BackupLog": {"executed_lines": [], "summary": {"covered_lines": 0, "num_statements": 1, "percent_covered": 0.0, "percent_covered_display": "0", "missing_lines": 1, "excluded_lines": 0, "percent_statemen
[...]
: 61}, "QueryBuilder.search": {"executed_lines": [72, 74, 75, 76], "summary": {"covered_lines": 4, "num_statements": 5, "percent_covered": 80.0, "percent_covered_display": "80", "missing_lines": 1, "excluded_lines": 0, "percent_statements_covered": 80.0, "percent_statements_covered_display": "80"}, "missing_lines": [73], "excluded_lines": [], "start_line": 70}, "QueryBuilder.sort": {"executed_lines": [80, 82, 83, 84], "summary": {"covered_lines": 4, "num_statements": 5, "percent_covered": 80.0, "percent_covered_display": "80", "missing_lines": 1, "excluded_lines": 0, "percent_statements_covered": 80.0, "percent_statements_covered_display": "80"}, "missing_lines": [81], "excluded_lines": [], "start_line": 78}, "QueryBuilder.sort_by": {"executed_lines": [], "summary": {"covered_lines": 0, "num_statements": 3, "percent_covered": 0.0, "percent_covered_display": "0", "missing_lines": 3, "excluded_lines": 0, "percent_statements_covered": 0.0, "percent_statements_covered_display": "0"}, "missing_lines": [91, 92, 93], "excluded_lines": [], "start_line": 86}, "QueryBuilder.paginate": {"executed_lines": [97, 98], "summary": {"covered_lines": 2, "num_statements": 2, "percent_covered": 100.0, "percent_covered_display": "100", "missing_lines": 0, "excluded_lines": 0, "percent_statements_covered": 100.0, "percent_statements_covered_display": "100"}, "missing_lines": [], "excluded_lines": [], "start_line": 95}, "QueryBuilder.execute": {"executed_lines": [103, 104, 105, 106, 109, 110, 111, 112, 113, 114, 115, 116, 117, 120, 121, 122, 127, 128, 129], "summary": {"covered_lines": 19, "num_statements": 21, "percent_covered": 90.47619047619048, "percent_covered_display": "90", "missing_lines": 2, "excluded_lines": 0, "percent_statements_covered": 90.47619047619048, "percent_statements_covered_display": "90"}, "missing_lines": [124, 131], "excluded_lines": [], "start_line": 100}, "QueryBuilder.first": {"executed_lines": [], "summary": {"covered_lines": 0, "num_statements": 14, "percent_covered": 0.0, "percent_covered_display": "0", "missing_lines": 14, "excluded_lines": 0, "percent_statements_covered": 0.0, "percent_statements_covered_display": "0"}, "missing_lines": [136, 137, 138, 139, 142, 143, 144, 145, 146, 147, 148, 149, 150, 152], "excluded_lines": [], "start_line": 133}, "QueryBuilder.count": {"executed_lines": [], "summary": {"covered_lines": 0, "num_statements": 14, "percent_covered": 0.0, "percent_covered_display": "0", "missing_lines": 14, "excluded_lines": 0, "percent_statements_covered": 0.0, "percent_statements_covered_display": "0"}, "missing_lines": [156, 157, 158, 159, 161, 162, 163, 164, 165, 166, 167, 168, 169, 171], "excluded_lines": [], "start_line": 154}, "build_query": {"executed_lines": [], "summary": {"covered_lines": 0, "num_statements": 10, "percent_covered": 0.0, "percent_covered_display": "0", "missing_lines": 10, "excluded_lines": 0, "percent_statements_covered": 0.0, "percent_statements_covered_display": "0"}, "missing_lines": [198, 200, 201, 203, 204, 206, 207, 209, 210, 212], "excluded_lines": [], "start_line": 174}, "": {"executed_lines": [1, 2, 5, 32, 44, 53, 61, 70, 78, 86, 95, 100, 133, 154, 174], "summary": {"covered_lines": 15, "num_statements": 15, "percent_covered": 100.0, "percent_covered_display": "100", "missing_lines": 0, "excluded_lines": 0, "percent_statements_covered": 100.0, "percent_statements_covered_display": "100"}, "missing_lines": [], "excluded_lines": [], "start_line": 1}}, "classes": {"QueryBuilder": {"executed_lines": [45, 46, 47, 48, 49, 50, 51, 55, 57, 58, 59, 66, 67, 68, 72, 74, 75, 76, 80, 82, 83, 84, 97, 98, 103, 104, 105, 106, 109, 110, 111, 112, 113, 114, 115, 116, 117, 120, 121, 122, 127, 128, 129], "summary": {"covered_lines": 43, "num_statements": 79, "percent_covered": 54.43037974683544, "percent_covered_display": "54", "missing_lines": 36, "excluded_lines": 0, "percent_statements_covered": 54.43037974683544, "percent_statements_covered_display": "54"}, "missing_lines": [56, 73, 81, 91, 92, 93, 124, 131, 136, 137, 138, 139, 142, 143, 144, 145, 146, 147, 148, 149, 150, 152, 156, 157, 158, 159, 161, 162, 163, 164, 165, 166, 167, 168, 169, 171], "excluded_lines": [], "start_line": 5}, "": {"executed_lines": [1, 2, 5, 32, 44, 53, 61, 70, 78, 86, 95, 100, 133, 154, 174], "summary": {"covered_lines": 15, "num_statements": 25, "percent_covered": 60.0, "percent_covered_display": "60", "missing_lines": 10, "excluded_lines": 0, "percent_statements_covered": 60.0, "percent_statements_covered_display": "60"}, "missing_lines": [198, 200, 201, 203, 204, 206, 207, 209, 210, 212], "excluded_lines": [], "start_line": 1}}}, "src\\api\\utils\\request.py": {"executed_lines": [1, 4, 5, 6, 7, 8, 11, 23, 24, 25, 26], "summary": {"covered_lines": 11, "num_statements": 18, "percent_covered": 61.111111111111114, "percent_covered_display": "61", "missing_lines": 7, "excluded_lines": 0, "percent_statements_covered": 61.111111111111114, "percent_statements_covered_display": "61"}, "missing_lines": [12, 13, 14, 16, 17, 18, 20], "excluded_lines": [], "functions": {"get_json_body": {"executed_lines": [5, 6, 7, 8], "summary": {"covered_lines": 4, "num_statements": 4, "percent_covered": 100.0, "percent_covered_display": "100", "missing_lines": 0, "excluded_lines": 0, "percent_statements_covered": 100.0, "percent_statements_covered_display": "100"}, "missing_lines": [], "excluded_lines": [], "start_line": 4}, "get_json_fields": {"executed_lines": [], "summary": {"covered_lines": 0, "num_statements": 7, "percent_covered": 0.0, "percent_covered_display": "0", "missing_lines": 7, "excluded_lines": 0, "percent_statements_covered": 0.0, "percent_statements_covered_display": "0"}, "missing_lines": [12, 13, 14, 16, 17, 18, 20], "excluded_lines": [], "start_line": 11}, "get_pagination": {"executed_lines": [24, 25, 26], "summary": {"covered_lines": 3, "num_statements": 3, "percent_covered": 100.0, "percent_covered_display": "100", "missing_lines": 0, "excluded_lines": 0, "percent_statements_covered": 100.0, "percent_statements_covered_display": "100"}, "missing_lines": [], "excluded_lines": [], "start_line": 23}, "": {"executed_lines": [1, 4, 11, 23], "summary": {"covered_lines": 4, "num_statements": 4, "percent_covered": 100.0, "percent_covered_display": "100", "missing_lines": 0, "excluded_lines": 0, "percent_statements_covered": 100.0, "percent_statements_covered_display": "100"}, "missing_lines": [], "excluded_lines": [], "start_line": 1}}, "classes": {"": {"executed_lines": [1, 4, 5, 6, 7, 8, 11, 23, 24, 25, 26], "summary": {"covered_lines": 11, "num_statements": 18, "percent_covered": 61.111111111111114, "percent_covered_display": "61", "missing_lines": 7, "excluded_lines": 0, "percent_statements_covered": 61.111111111111114, "percent_statements_covered_display": "61"}, "missing_lines": [12, 13, 14, 16, 17, 18, 20], "excluded_lines": [], "start_line": 1}}}, "src\\api\\utils\\request_query.py": {"executed_lines": [17, 20, 41, 60, 74, 94, 95, 98, 99, 102, 103, 104, 107, 108, 109, 110, 111, 112, 114, 115, 116, 119, 120, 121, 128, 129, 130, 131, 132, 134], "summary": {"covered_lines": 30, "num_statements": 61, "percent_covered": 49.18032786885246, "percent_covered_display": "49", "missing_lines": 31, "excluded_lines": 0, "percent_statements_covered": 49.18032786885246, "percent_statements_covered_display": "49"}, "missing_lines": [25, 26, 28, 29, 30, 31, 32, 33, 37, 38, 46, 47, 49, 50, 51, 52, 53, 54, 56, 57, 64, 65, 67, 68, 69, 71, 113, 122, 123, 124, 125], "excluded_lines": [], "functions": {"parse_sort": {"executed_lines": [], "summary": {"covered_lines": 0, "num_statements": 10, "percent_covered": 0.0, "percent_covered_display": "0", "missing_lines": 10, "excluded_lines": 0, "percent_statements_covered": 0.0, "percent_statements_covered_display": "0"}, "missing_lines": [25, 26, 28, 29, 30, 31, 32, 33, 37, 38], "excluded_lines": [], "start_line": 20}, "parse_filters": {"executed_lines": [], "summary": {"covered_lines": 0, "num_statements": 10, "percent_covered": 0.0, "percent_covered_display": "0", "missing_lines": 10, "excluded_lines": 0, "percent_statements_covered": 0.0, "percent_statements_covered_display": "0"}, "missing_lines": [46, 47, 49, 50, 51, 52, 53, 54, 56, 57], "excluded_lines": [], "start_line": 41}, "parse_search": {"executed_lines": [], "summary": {"covered_lines": 0, "num_statements": 6, "percent_covered": 0.0, "percent_covered_display": "0", "missing_lines": 6, "excluded_lines": 0, "percent_statements_covered": 0.0, "percent_statements_covered_display": "0"}, "missing_lines": [64, 65, 67, 68, 69, 71], "excluded_lines": [], "start_line": 60}, "get_query_params": {"executed_lines": [94, 95, 98, 99, 102, 103, 104, 107, 108, 109, 110, 111, 112, 114, 115, 116, 119, 120, 121, 128, 129, 130, 131, 132, 134], "summary": {"covered_lines": 25, "num_statements": 30, "percent_covered": 83.33333333333333, "percent_covered_display": "83", "missing_lines": 5, "excluded_lines": 0, "percent_statements_covered": 83.33333333333333, "percent_statements_covered_display": "83"}, "missing_lines": [113, 122, 123, 124, 125], "excluded_lines": [], "start_line": 74}, "": {"executed_lines": [17, 20, 41, 60, 74], "summary": {"covered_lines": 5, "num_statements": 5, "percent_covered": 100.0, "percent_covered_display": "100", "missing_lines": 0, "excluded_lines": 0, "percent_statements_covered": 100.0, "percent_statements_covered_display": "100"}, "missing_lines": [], "excluded_lines": [], "start_line": 1}}, "classes": {"": {"executed_lines": [17, 20, 41, 60, 74, 94, 95, 98, 99, 102, 103, 104, 107, 108, 109, 110, 111, 112, 114, 115, 116, 119, 120, 121, 128, 129, 130, 131, 132, 134], "summary": {"covered_lines": 30, "num_statements": 61, "percent_covered": 49.18032786885246, "percent_covered_display": "49", "missing_lines": 31, "excluded_lines": 0, "percent_statements_covered": 49.18032786885246, "percent_statements_covered_display": "49"}, "missing_lines": [25, 26, 28, 29, 30, 31, 32, 33, 37, 38, 46, 47, 49, 50, 51, 52, 53, 54, 56, 57, 64, 65, 67, 68, 69, 71, 113, 122, 123, 124, 125], "excluded_lines": [], "start_line": 1}}}, "src\\api\\utils\\response.py": {"executed_lines": [1, 4, 5, 6, 7, 8, 9, 10, 13, 14, 17, 18], "summary": {"covered_lines": 12, "num_statements": 12, "percent_covered": 100.0, "percent_covered_display": "100", "missing_lines": 0, "excluded_lines": 0, "percent_statements_covered": 100.0, "percent_statements_covered_display": "100"}, "missing_lines": [], "excluded_lines": [], "functions": {"success": {"executed_lines": [5, 6, 7, 8, 9, 10], "summary": {"covered_lines": 6, "num_statements": 6, "percent_covered": 100.0, "percent_covered_display": "100", "missing_lines": 0, "excluded_lines": 0, "percent_statements_covered": 100.0, "percent_statements_covered_display": "100"}, "missing_lines": [], "excluded_lines": [], "start_line": 4}, "error": {"executed_lines": [14], "summary": {"covered_lines": 1, "num_statements": 1, "percent_covered": 100.0, "percent_covered_display": "100", "missing_lines": 0, "excluded_lines": 0, "percent_statements_covered": 100.0, "percent_statements_covered_display": "100"}, "missing_lines": [], "excluded_lines": [], "start_line": 13}, "paginate": {"executed_lines": [18], "summary": {"covered_lines": 1, "num_statements": 1, "percent_covered": 100.0, "percent_covered_display": "100", "missing_lines": 0, "excluded_lines": 0, "percent_statements_covered": 100.0, "percent_statements_covered_display": "100"}, "missing_lines": [], "excluded_lines": [], "start_line": 17}, "": {"executed_lines": [1, 4, 13, 17], "summary": {"covered_lines": 4, "num_statements": 4, "percent_covered": 100.0, "percent_covered_display": "100", "missing_lines": 0, "excluded_lines": 0, "percent_statements_covered": 100.0, "percent_statements_covered_display": "100"}, "missing_lines": [], "excluded_lines": [], "start_line": 1}}, "classes": {"": {"executed_lines": [1, 4, 5, 6, 7, 8, 9, 10, 13, 14, 17, 18], "summary": {"covered_lines": 12, "num_statements": 12, "percent_covered": 100.0, "percent_covered_display": "100", "missing_lines": 0, "excluded_lines": 0, "percent_statements_covered": 100.0, "percent_statements_covered_display": "100"}, "missing_lines": [], "excluded_lines": [], "start_line": 1}}}, "src\\app.py": {"executed_lines": [1, 2, 3, 4, 5, 6, 7, 8, 9, 10, 11, 12, 13, 14, 17, 18, 20, 21, 23, 32, 33, 34, 35, 56, 57, 66, 67, 69, 75, 77, 79, 81, 82, 84, 86, 95, 96, 97, 98, 99, 100, 101, 102, 103, 107, 108, 112, 113, 114, 115, 116, 117, 118, 121, 123, 124, 125, 131, 132, 134, 135, 147, 148, 149, 150, 151, 152, 153, 154, 155, 158, 159, 162, 165, 166, 168, 170, 172, 175], "summary": {"covered_lines": 79, "num_statements": 108, "percent_covered": 73.14814814814815, "percent_covered_display": "73", "missing_lines": 29, "excluded_lines": 0, "percent_statements_covered": 73.14814814814815, "percent_statements_covered_display": "73"}, "missing_lines": [24, 25, 26, 28, 29, 30, 37, 39, 40, 41, 42, 44, 45, 47, 49, 50, 51, 53, 58, 59, 60, 61, 62, 64, 126, 129, 176, 177, 178], "excluded_lines": [], "functions": {"_init_database": {"executed_lines": [18, 20, 21, 23, 32, 33, 34, 35], "summary": {"covered_lines": 8, "num_statements": 26, "percent_covered": 30.76923076923077, "percent_covered_display": "31", "missing_lines": 18, "excluded_lines": 0, "percent_statements_covered": 30.76923076923077, "percent_statements_covered_display": "31"}, "missing_lines": [24, 25, 26, 28, 29, 30, 37, 39, 40, 41, 42, 44, 45, 47, 49, 50, 51, 53], "excluded_lines": [], "start_line": 17}, "create_app": {"executed_lines": [57, 66, 67, 69, 75, 77, 79, 81, 82, 84, 86, 95, 96, 112, 113, 123, 124, 131, 132, 134, 135, 147, 148, 149, 150, 151, 152, 153, 154, 155, 158, 159, 162, 165, 166, 168, 170, 172], "summary": {"covered_lines": 38, "num_statements": 44, "percent_covered": 86.36363636363636, "percent_covered_display": "86", "missing_lines": 6, "excluded_lines": 0, "percent_statements_covered": 86.36363636363636, "percent_statements_covered_display": "86"}, "missing_lines": [58, 59, 60, 61, 62, 64], "excluded_lines": [], "start_line": 56}, "create_app.log_request_start": {"executed_lines": [97, 98, 99, 100, 101, 102, 103, 107, 108], "summary": {"covered_lines": 9, "num_statements": 9, "percent_covered": 100.0, "percent_covered_display": "100", "missing_lines": 0, "excluded_lines": 0, "percent_statements_covered": 100.0, "percent_statements_covered_display": "100"}, "missing_lines": [], "excluded_lines": [], "start_line": 96}, "create_app.log_request_end": {"executed_lines": [114, 115, 116, 117, 118, 121], "summary": {"covered_lines": 6, "num_statements": 6, "percent_covered": 100.0, "percent_covered_display": "100", "missing_lines": 0, "excluded_lines": 0, "percent_statements_covered": 100.0, "percent_statements_covered_display": "100"}, "missing_lines": [], "excluded_lines": [], "start_line": 113}, "create_app.log_request_teardown": {"executed_lines": [125], "summary": {"covered_lines": 1, "num_statements": 3, "percent_covered": 33.333333333333336, "percent_covered_display": "33", "missing_lines": 2, "excluded_lines": 0, "percent_statements_covered": 33.333333333333336, "percent_statements_covered_display": "33"}, "missing_lines": [126, 129], "excluded_lines": [], "start_line": 124}, "": {"executed_lines": [1, 2, 3, 4, 5, 6, 7, 8, 9, 10, 11, 12, 13, 14, 17, 56, 175], "summary": {"covered_lines": 17, "num_statements": 20, "percent_covered": 85.0, "percent_covered_display": "85", "missing_lines": 3, "excluded_lines": 0, "percent_statements_covered": 85.0, "percent_statements_covered_display": "85"}, "missing_lines": [176, 177, 178], "excluded_lines": [], "start_line": 1}}, "classes": {"": {"executed_lines": [1, 2, 3, 4, 5, 6, 7, 8, 9, 10, 11, 12, 13, 14, 17, 18, 20, 21, 23, 32, 33, 34, 35, 56, 57, 66, 67, 69, 75, 77, 79, 81, 82, 84, 86, 95, 96, 97, 98, 99, 100, 101, 102, 103, 107, 108, 112, 113, 114, 115, 116, 117, 118, 121, 123, 124, 125, 131, 132, 134, 135, 147, 148, 149, 150, 151, 152, 153, 154, 155, 158, 159, 162, 165, 166, 168, 170, 172, 175], "summary": {"covered_lines": 79, "num_statements": 108, "percent_covered": 73.14814814814815, "percent_covered_display": "73", "missing_lines": 29, "excluded_lines": 0, "percent_statements_covered": 73.14814814814815, "percent_statements_covered_display": "73"}, "missing_lines": [24, 25, 26, 28, 29, 30, 37, 39, 40, 41, 42, 44, 45, 47, 49, 50, 51, 53, 58, 59, 60, 61, 62, 64, 126, 129, 176, 177, 178], "excluded_lines": [], "start_line": 1}}}, "src\\config.py": {"executed_lines": [1, 2, 5, 6, 7, 8, 9, 10, 11, 12, 14, 17, 18, 20, 21, 22, 23, 25, 28, 29, 30, 31, 32, 33, 36, 37, 38, 41, 44, 45, 46, 47, 50, 51, 52, 53, 56, 57, 58, 60, 71, 72, 73, 74, 75, 78], "summary": {"covered_lines": 46, "num_statements": 50, "percent_covered": 92.0, "percent_covered_display": "92", "missing_lines": 4, "excluded_lines": 0, "percent_statements_covered": 92.0, "percent_statements_covered_display": "92"}, "missing_lines": [61, 62, 65, 66], "excluded_lines": [], "functions": {"ProductionConfig.__init__": {"executed_lines": [], "summary": {"covered_lines": 0, "num_statements": 4, "percent_covered": 0.0, "percent_covered_display": "0", "missing_lines": 4, "excluded_lines": 0, "percent_statements_covered": 0.0, "percent_statements_covered_display": "0"}, "missing_lines": [61, 62, 65, 66], "excluded_lines": [], "start_line": 60}, "": {"executed_lines": [1, 2, 5, 6, 7, 8, 9, 10, 11, 12, 14, 17, 18, 20, 21, 22, 23, 25, 28, 29, 30, 31, 32, 33, 36, 37, 38, 41, 44, 45, 46, 47, 50, 51, 52, 53, 56, 57, 58, 60, 71, 72, 73, 74, 75, 78], "summary": {"covered_lines": 46, "num_statements": 46, "percent_covered": 100.0, "percent_covered_display": "100", "missing_lines": 0, "excluded_lines": 0, "percent_statements_covered": 100.0, "percent_statements_covered_display": "100"}, "missing_lines": [], "excluded_lines": [], "start_line": 1}}, "classes": {"Config": {"executed_lines": [], "summary": {"covered_lines": 0, "num_statements": 0, "percent_covered": 100.0, "percent_covered_display": "100", "missing_lines": 0, "excluded_lines": 0, "percent_statements_covered": 100.0, "percent_statements_covered_display": "100"}, "missing_lines": [], "excluded_lines": [], "start_line": 5}, "DevelopmentConfig": {"executed_lines": [], "summary": {"covered_lines": 0, "num_statements": 0, "percent_covered": 100.0, "percent_covered_display": "100", "missing_lines": 0, "excluded_lines": 0, "percent_statements_covered": 100.0, "percent_statements_covered_display": "100"}, "missing_lines": [], "excluded_lines": [], "start_line": 50}, "ProductionConfig": {"executed_lines": [], "summary": {"covered_lines": 0, "num_statements": 4, "percent_covered": 0.0, "percent_covered_display": "0", "missing_lines": 4, "excluded_lines": 0, "percent_statements_covered": 0.0, "percent_statements_covered_display": "0"}, "missing_lines": [61, 62, 65, 66], "excluded_lines": [], "start_line": 56}, "TestingConfig": {"executed_lines": [], "summary": {"covered_lines": 0, "num_statements": 0, "percent_covered": 100.0, "percent_covered_display": "100", "missing_lines": 0, "excluded_lines": 0, "percent_statements_covered": 100.0, "percent_statements_covered_display": "100"}, "missing_lines": [], "excluded_lines": [], "start_line": 71}, "": {"executed_lines": [1, 2, 5, 6, 7, 8, 9, 10, 11, 12, 14, 17, 18, 20, 21, 22, 23, 25, 28, 29, 30, 31, 32, 33, 36, 37, 38, 41, 44, 45, 46, 47, 50, 51, 52, 53, 56, 57, 58, 60, 71, 72, 73, 74, 75, 78], "summary": {"covered_lines": 46, "num_statements": 46, "percent_covered": 100.0, "percent_covered_display": "100", "missing_lines": 0, "excluded_lines": 0, "percent_statements_covered": 100.0, "percent_statements_covered_display": "100"}, "missing_lines": [], "excluded_lines": [], "start_line": 1}}}}, "totals": {"covered_lines": 2390, "num_statements": 4721, "percent_covered": 50.6248676127939, "percent_covered_display": "51", "missing_lines": 2331, "excluded_lines": 0, "percent_statements_covered": 50.6248676127939, "percent_statements_covered_display": "51"}}