<?xml version="1.0" encoding="utf-8"?><testsuites name="pytest tests"><testsuite name="pytest" errors="0" failures="0" skipped="0" tests="14" time="12.145" timestamp="2026-05-06T13:23:45.232342+07:00" hostname="Bang-Vo-Anh-PC-Xiontechs0812"><testcase classname="tests.test_users.TestUserList" name="test_list_users_success" time="4.105" /><testcase classname="tests.test_users.TestUserList" name="test_list_users_with_pagination" time="0.648" /><testcase classname="tests.test_users.TestUserList" name="test_list_users_with_search" time="0.718" /><testcase classname="tests.test_users.TestUserList" name="test_list_users_unauthorized" time="0.022" /><testcase classname="tests.test_users.TestUserList" name="test_list_users_forbidden_for_client" time="0.675" /><testcase classname="tests.test_users.TestUserGet" name="test_get_user_success" time="0.750" /><testcase classname="tests.test_users.TestUserGet" name="test_get_user_not_found" time="0.495" /><testcase classname="tests.test_users.TestUserUpdate" name="test_update_user_success" time="0.593" /><testcase classname="tests.test_users.TestUserUpdate" name="test_update_user_not_found" time="0.901" /><testcase classname="tests.test_users.TestUserDelete" name="test_delete_user_success" time="0.710" /><testcase classname="tests.test_users.TestUserDelete" name="test_delete_user_not_found" time="0.509" /><testcase classname="tests.test_users.TestUserDelete" name="test_delete_user_forbidden_for_admin" time="0.652" /><testcase classname="tests.test_users.TestUserProfile" name="test_get_own_profile" time="0.423" /><testcase classname="tests.test_users.TestUserProfile" name="test_update_own_username" time="0.615" /></testsuite></testsuites>